===============================================================================
* TRANSFORM:      UTMw           TO             MTMw              (Grid-Calc) *
_______________________________________________________________________________
            Y          X         -=>      Y          X             DY     DX
------------------------------  NAD27 -----------------------------------------
   1 Z= 4653917.463 251528.228  F(Z)= 4652046.692 375731.349  D=  0.000  0.000
   2 Z= 4764968.076 255460.079  F(Z)= 4763120.545 377696.329  D= -0.001  0.000
   3 Z= 4876033.059 259466.734  F(Z)= 4874212.765 379698.766  D= -0.003  0.000
   4 Z= 4987112.442 263546.993  F(Z)= 4985323.389 381738.063  D= -0.004 -0.000
   5 Z= 5098206.239 267699.632  F(Z)= 5096452.435 383813.612  D= -0.005 -0.002
   6 Z= 5209314.447 271923.404  F(Z)= 5207599.897 385924.789  D= -0.006 -0.002
   7 Z= 5320437.044 276217.041  F(Z)= 5318765.746 388070.965  D= -0.006 -0.003
   8 Z= 5431573.992 280579.250  F(Z)= 5429949.933 390251.495  D= -0.006 -0.004
   9 Z= 5542725.234 285008.718  F(Z)= 5541152.384 392465.724  D= -0.006 -0.003
  10 Z= 5653890.697 289504.110  F(Z)= 5652373.004 394712.988  D= -0.005 -0.003
  11 Z= 5765070.289 294064.070  F(Z)= 5763611.676 396992.611  D= -0.005 -0.003
  12 Z= 5876263.901 298687.219  F(Z)= 5874868.260 399303.903  D= -0.004 -0.002
  13 Z= 5987471.408 303372.160  F(Z)= 5986142.594 401646.169  D= -0.003 -0.001
  14 Z= 6098692.667 308117.476  F(Z)= 6097434.495 404018.702  D= -0.002 -0.001
  15 Z= 6209927.518 312921.727  F(Z)= 6208743.759 406420.782  D= -0.001 -0.000
  16 Z= 6321175.784 317783.458  F(Z)= 6320070.159 408851.684  D= -0.001  0.000
  17 Z= 6432437.273 322701.192  F(Z)= 6431413.447 411310.668  D= -0.000 -0.000
  18 Z= 6543711.776 327673.435  F(Z)= 6542773.358 413796.990  D= -0.001 -0.001
  19 Z= 6654999.066 332698.674  F(Z)= 6654149.599 416309.891  D= -0.001  0.000
  20 Z= 6766298.903 337775.381  F(Z)= 6765541.864 418848.609  D= -0.002 -0.001
  21 Z= 6877611.029 342902.008  F(Z)= 6876949.823 421412.369  D= -0.002 -0.002
  22 Z= 6988935.174 348076.991  F(Z)= 6988373.130 424000.389  D= -0.003 -0.003
  23 Z= 7100271.050 353298.751  F(Z)= 7099811.416 426611.878  D= -0.004 -0.003
  24 Z= 7211618.355 358565.693  F(Z)= 7211264.296 429246.038  D= -0.005 -0.004
  25 Z= 7322976.775 363876.206  F(Z)= 7322731.367 431902.062  D= -0.005 -0.005
  26 Z= 7434345.980 369228.665  F(Z)= 7434212.207 434579.137  D= -0.005 -0.005
  27 Z= 7545725.627 374621.432  F(Z)= 7545706.379 437276.442  D= -0.006 -0.006
  28 Z= 7657115.360 380052.853  F(Z)= 7657213.428 439993.147  D= -0.006 -0.005
  29 Z= 7768514.811 385521.263  F(Z)= 7768732.882 442728.420  D= -0.005 -0.005
  30 Z= 7879923.599 391024.983  F(Z)= 7880264.255 445481.417  D= -0.003 -0.003
  31 Z= 7991341.333 396562.324  F(Z)= 7991807.049 448251.294  D= -0.003 -0.003
  32 Z= 8102767.610 402131.584  F(Z)= 8103360.747 451037.195  D= -0.002 -0.002
  33 Z= 8214202.015 407731.049  F(Z)= 8214924.820 453838.262  D= -0.000 -0.001
  34 Z= 8325644.124 413358.998  F(Z)= 8326498.728 456653.632  D=  0.000  0.000
  35 Z= 4651497.564 334356.612  F(Z)= 4651079.044 458577.565  D= -0.001 -0.001
  36 Z= 4762540.717 336976.330  F(Z)= 4762149.886 459232.407  D= -0.001 -0.001
  37 Z= 4873601.195 339645.961  F(Z)= 4873240.276 459899.739  D= -0.002 -0.001
  38 Z= 4984679.036 342364.706  F(Z)= 4984350.256 460579.362  D= -0.003 -0.001
  39 Z= 5095774.257 345131.754  F(Z)= 5095479.845 461271.074  D= -0.005 -0.002
  40 Z= 5206886.851 347946.277  F(Z)= 5206629.033 461974.669  D= -0.005 -0.004
  41 Z= 5318016.793 350807.430  F(Z)= 5317797.794 462689.933  D= -0.007 -0.004
  42 Z= 5429164.034 353714.355  F(Z)= 5428986.070 463416.655  D= -0.006 -0.004
  43 Z= 5540328.507 356666.180  F(Z)= 5540193.786 464154.616  D= -0.006 -0.004
  44 Z= 5651510.121 359662.016  F(Z)= 5651420.840 464903.594  D= -0.005 -0.003
  45 Z= 5762708.766 362700.960  F(Z)= 5762667.106 465663.364  D= -0.004 -0.002
  46 Z= 5873924.310 365782.097  F(Z)= 5873932.437 466433.699  D= -0.004 -0.002
  47 Z= 5985156.601 368904.496  F(Z)= 5985216.660 467214.364  D= -0.003 -0.001
  48 Z= 6096405.466 372067.214  F(Z)= 6096519.580 468005.125  D= -0.003 -0.000
  49 Z= 6207670.711 375269.292  F(Z)= 6207840.978 468805.742  D= -0.002  0.001
  50 Z= 6318952.124 378509.762  F(Z)= 6319180.614 469615.975  D= -0.001  0.000
  51 Z= 6430249.471 381787.639  F(Z)= 6430538.225 470435.575  D= -0.001 -0.000
  52 Z= 6541562.499 385101.928  F(Z)= 6541913.525 471264.295  D= -0.001 -0.001
  53 Z= 6652890.935 388451.621  F(Z)= 6653306.206 472101.882  D= -0.000  0.000
  54 Z= 6764234.490 391835.700  F(Z)= 6764715.941 472948.083  D= -0.001 -0.002
  55 Z= 6875592.852 395253.132  F(Z)= 6876142.379 473802.638  D= -0.001 -0.002
  56 Z= 6986965.695 398702.875  F(Z)= 6987585.152 474665.287  D= -0.003 -0.003
  57 Z= 7098352.670 402183.875  F(Z)= 7099043.864 475535.766  D= -0.002 -0.003
  58 Z= 7209753.416 405695.069  F(Z)= 7210518.110 476413.810  D= -0.004 -0.005
  59 Z= 7321167.552 409235.382  F(Z)= 7322007.459 477299.149  D= -0.005 -0.005
  60 Z= 7432594.679 412803.729  F(Z)= 7433511.461 478191.511  D= -0.005 -0.005
  61 Z= 7544034.385 416399.017  F(Z)= 7545029.651 479090.624  D= -0.005 -0.006
  62 Z= 7655486.242 420020.143  F(Z)= 7656561.545 479996.210  D= -0.005 -0.005
  63 Z= 7766949.804 423665.994  F(Z)= 7768106.641 480907.991  D= -0.004 -0.004
  64 Z= 7878424.614 427335.449  F(Z)= 7879664.424 481825.687  D= -0.004 -0.003
  65 Z= 7989910.198 431027.381  F(Z)= 7991234.358 482749.016  D= -0.003 -0.003
  66 Z= 8101406.072 434740.652  F(Z)= 8102815.898 483677.692  D= -0.002 -0.002
  67 Z= 8212911.736 438474.118  F(Z)= 8214408.479 484611.429  D= -0.001  0.000
  68 Z= 8324426.678 442226.629  F(Z)= 8326011.526 485549.940  D=  0.000 -0.000
  69 Z= 4650046.312 417179.648  F(Z)= 4651079.044 541422.436  D= -0.001 -0.000
  70 Z= 4761084.959 418489.053  F(Z)= 4762149.886 540767.595  D= -0.001 -0.001
  71 Z= 4872142.705 419823.426  F(Z)= 4873240.276 540100.264  D= -0.002 -0.002
  72 Z= 4983219.590 421182.371  F(Z)= 4984350.256 539420.643  D= -0.003 -0.004
  73 Z= 5094315.633 422565.482  F(Z)= 5095479.844 538728.932  D= -0.004 -0.004
  74 Z= 5205430.827 423972.345  F(Z)= 5206629.033 538025.339  D= -0.005 -0.004
  75 Z= 5316565.142 425402.540  F(Z)= 5317797.793 537310.075  D= -0.006 -0.004
  76 Z= 5427718.527 426855.639  F(Z)= 5428986.070 536583.353  D= -0.006 -0.004
  77 Z= 5538890.905 428331.205  F(Z)= 5540193.786 535845.392  D= -0.006 -0.004
  78 Z= 5650082.178 429828.795  F(Z)= 5651420.841 535096.412  D= -0.006 -0.003
  79 Z= 5761292.222 431347.958  F(Z)= 5762667.107 534336.640  D= -0.005 -0.002
  80 Z= 5872520.892 432888.238  F(Z)= 5873932.437 533566.305  D= -0.004 -0.002
  81 Z= 5983768.021 434449.169  F(Z)= 5985216.660 532785.638  D= -0.003 -0.001
  82 Z= 6095033.418 436030.279  F(Z)= 6096519.579 531994.875  D= -0.002 -0.000
  83 Z= 6206316.870 437631.092  F(Z)= 6207840.978 531194.257  D= -0.002 -0.000
  84 Z= 6317618.140 439251.121  F(Z)= 6319180.614 530384.025  D= -0.001 -0.000
  85 Z= 6428936.973 440889.876  F(Z)= 6430538.225 529564.425  D= -0.001 -0.000
  86 Z= 6540273.088 442546.858  F(Z)= 6541913.524 528735.706  D= -0.000  0.000
  87 Z= 6651626.186 444221.565  F(Z)= 6653306.206 527898.119  D=  0.000 -0.001
  88 Z= 6762995.946 445913.486  F(Z)= 6764715.941 527051.920  D= -0.001 -0.001
  89 Z= 6874382.026 447622.106  F(Z)= 6876142.379 526197.367  D= -0.001 -0.003
  90 Z= 6985784.064 449346.903  F(Z)= 6987585.150 525334.719  D= -0.001 -0.003
  91 Z= 7097201.679 451087.352  F(Z)= 7099043.865 524464.242  D= -0.003 -0.005
  92 Z= 7208634.469 452842.918  F(Z)= 7210518.110 523586.199  D= -0.004 -0.004
  93 Z= 7320082.016 454613.065  F(Z)= 7322007.459 522700.861  D= -0.005 -0.005
  94 Z= 7431543.881 456397.251  F(Z)= 7433511.461 521808.499  D= -0.005 -0.005
  95 Z= 7543019.608 458194.928  F(Z)= 7545029.651 520909.387  D= -0.005 -0.005
  96 Z= 7654508.726 460005.544  F(Z)= 7656561.545 520003.800  D= -0.005 -0.005
  97 Z= 7766010.743 461828.543  F(Z)= 7768106.641 519092.017  D= -0.004 -0.004
  98 Z= 7877525.156 463663.363  F(Z)= 7879664.424 518174.319  D= -0.004 -0.003
  99 Z= 7989051.443 465509.440  F(Z)= 7991234.359 517250.988  D= -0.004 -0.001
 100 Z= 8100589.068 467366.205  F(Z)= 8102815.897 516322.310  D= -0.001 -0.000
 101 Z= 8212137.483 469233.085  F(Z)= 8214408.479 515388.572  D= -0.001 -0.001
 102 Z= 8323696.122 471109.503  F(Z)= 8326011.526 514450.060  D=  0.000  0.000
 103 Z= 4649562.676 500000.000  F(Z)= 4652046.692 624268.651  D=  0.000  0.000
 104 Z= 4760599.816 500000.000  F(Z)= 4763120.544 622303.672  D=  0.000 -0.001
 105 Z= 4871656.646 500000.000  F(Z)= 4874212.762 620301.237  D= -0.000 -0.003
 106 Z= 4982733.208 500000.000  F(Z)= 4985323.387 618261.941  D= -0.002 -0.004
 107 Z= 5093829.519 500000.000  F(Z)= 5096452.433 616186.395  D= -0.003 -0.005
 108 Z= 5204945.574 500000.000  F(Z)= 5207599.896 614075.218  D= -0.005 -0.005
 109 Z= 5316081.342 500000.000  F(Z)= 5318765.746 611929.043  D= -0.006 -0.005
 110 Z= 5427236.769 500000.000  F(Z)= 5429949.933 609748.513  D= -0.006 -0.004
 111 Z= 5538411.777 500000.000  F(Z)= 5541152.385 607534.282  D= -0.007 -0.003
 112 Z= 5649606.263 500000.000  F(Z)= 5652373.005 605287.017  D= -0.006 -0.002
 113 Z= 5760820.102 500000.000  F(Z)= 5763611.678 603007.394  D= -0.007 -0.002
 114 Z= 5872053.142 500000.000  F(Z)= 5874868.260 600696.100  D= -0.004 -0.001
 115 Z= 5983305.212 500000.000  F(Z)= 5986142.595 598353.832  D= -0.004  0.000
 116 Z= 6094576.115 500000.000  F(Z)= 6097434.496 595981.298  D= -0.003  0.001
 117 Z= 6205865.629 500000.000  F(Z)= 6208743.759 593579.217  D= -0.001  0.001
 118 Z= 6317173.514 500000.000  F(Z)= 6320070.159 591148.316  D= -0.001  0.000
 119 Z= 6428499.504 500000.000  F(Z)= 6431413.447 588689.331  D= -0.000  0.001
 120 Z= 6539843.311 500000.000  F(Z)= 6542773.357 586203.011  D=  0.000  0.000
 121 Z= 6651204.625 500000.000  F(Z)= 6654149.598 583690.110  D= -0.000 -0.001
 122 Z= 6762583.116 500000.000  F(Z)= 6765541.863 581151.393  D= -0.001 -0.001
 123 Z= 6873978.431 500000.000  F(Z)= 6876949.822 578587.635  D= -0.001 -0.002
 124 Z= 6985390.197 500000.000  F(Z)= 6988373.128 575999.617  D= -0.001 -0.003
 125 Z= 7096818.021 500000.000  F(Z)= 7099811.414 573388.130  D= -0.002 -0.005
 126 Z= 7208261.490 500000.000  F(Z)= 7211264.295 570753.971  D= -0.004 -0.005
 127 Z= 7319720.171 500000.000  F(Z)= 7322731.367 568097.948  D= -0.005 -0.005
 128 Z= 7431193.612 500000.000  F(Z)= 7434212.207 565420.874  D= -0.005 -0.006
 129 Z= 7542681.344 500000.000  F(Z)= 7545706.379 562723.569  D= -0.006 -0.005
 130 Z= 7654182.879 500000.000  F(Z)= 7657213.427 560006.863  D= -0.005 -0.005
 131 Z= 7765697.714 500000.000  F(Z)= 7768732.883 557271.589  D= -0.006 -0.004
 132 Z= 7877225.326 500000.000  F(Z)= 7880264.257 554518.589  D= -0.005 -0.003
 133 Z= 7988765.179 500000.000  F(Z)= 7991807.050 551748.711  D= -0.004 -0.002
 134 Z= 8100316.720 500000.000  F(Z)= 8103360.747 548962.808  D= -0.002 -0.001
 135 Z= 8211879.384 500000.000  F(Z)= 8214924.821 546161.739  D= -0.001  0.000
 136 Z= 8323452.589 500000.000  F(Z)= 8326498.728 543346.368  D=  0.000  0.000
