 Enter  CM  -=>:       * POLAR STEREOGRAPHIC *

                  PARAMETERS :    A =  6378206.398
                                  B =  6356583.798
                                 CM =       15.000

          LAT     LON        Y              X               SF

    1    42.0    78.0    7383332.923    4864501.706      1.1973384
    2    43.0    78.0    7444327.666    4984210.628      1.1882457
    3    44.0    78.0    7504873.666    5103038.845      1.1794320
    4    45.0    78.0    7564985.000    5221013.981      1.1708905
    5    46.0    78.0    7624675.397    5338162.980      1.1626150
    6    47.0    78.0    7683958.254    5454512.138      1.1545993
    7    48.0    78.0    7742846.650    5570087.123      1.1468375
    8    49.0    78.0    7801353.360    5684913.006      1.1393239
    9    50.0    78.0    7859490.864    5799014.282      1.1320532
   10    51.0    78.0    7917271.363    5912414.897      1.1250202
   11    52.0    78.0    7974706.789    6025138.268      1.1182199
   12    53.0    78.0    8031808.816    6137207.305      1.1116476
   13    54.0    78.0    8088588.870    6248644.436      1.1052987
   14    55.0    78.0    8145058.141    6359471.620      1.0991689
   15    56.0    78.0    8201227.592    6469710.375      1.0932539
   16    57.0    78.0    8257107.969    6579381.791      1.0875499
   17    58.0    78.0    8312709.811    6688506.549      1.0820530
   18    59.0    78.0    8368043.456    6797104.942      1.0767595
   19    60.0    78.0    8423119.053    6905196.888      1.0716659
   20    61.0    78.0    8477946.571    7012801.950      1.0667690
   21    62.0    78.0    8532535.802    7119939.348      1.0620654
   22    63.0    78.0    8586896.374    7226627.978      1.0575523
   23    64.0    78.0    8641037.758    7332886.427      1.0532267
   24    65.0    78.0    8694969.273    7438732.985      1.0490858
   25    66.0    78.0    8748700.094    7544185.660      1.0451271
   26    67.0    78.0    8802239.262    7649262.193      1.0413480
   27    68.0    78.0    8855595.685    7753980.070      1.0377462
   28    69.0    78.0    8908778.152    7858356.536      1.0343195
   29    70.0    78.0    8961795.331    7962408.609      1.0310657
   30    71.0    78.0    9014655.783    8066153.087      1.0279828
   31    72.0    78.0    9067367.964    8169606.568      1.0250689
   32    73.0    78.0    9119940.232    8272785.453      1.0223223
   33    74.0    78.0    9172380.853    8375705.967      1.0197413
   34    75.0    78.0    9224698.006    8478384.161      1.0173243
   35    42.0    77.0    7294104.651    4910951.004      1.1973384
   36    43.0    77.0    7357179.312    5029577.190      1.1882457
   37    44.0    77.0    7419789.930    5147330.635      1.1794320
   38    45.0    77.0    7481951.059    5264238.715      1.1708905
   39    46.0    77.0    7543676.896    5380328.131      1.1626150
   40    47.0    77.0    7604981.297    5495624.940      1.1545993
   41    48.0    77.0    7665877.786    5610154.578      1.1468375
   42    49.0    77.0    7726379.572    5723941.889      1.1393239
   43    50.0    77.0    7786499.563    5837011.148      1.1320532
   44    51.0    77.0    7846250.376    5949386.083      1.1250202
   45    52.0    77.0    7905644.349    6061089.899      1.1182199
   46    53.0    77.0    7964693.553    6172145.300      1.1116476
   47    54.0    77.0    8023409.805    6282574.509      1.1052987
   48    55.0    77.0    8081804.677    6392399.290      1.0991689
   49    56.0    77.0    8139889.504    6501640.963      1.0932539
   50    57.0    77.0    8197675.401    6610320.428      1.0875499
   51    58.0    77.0    8255173.264    6718458.180      1.0820530
   52    59.0    77.0    8312393.784    6826074.327      1.0767595
   53    60.0    77.0    8369347.458    6933188.609      1.0716659
   54    61.0    77.0    8426044.592    7039820.409      1.0667690
   55    62.0    77.0    8482495.314    7145988.776      1.0620654
   56    63.0    77.0    8538709.581    7251712.435      1.0575523
   57    64.0    77.0    8594697.185    7357009.803      1.0532267
   58    65.0    77.0    8650467.762    7461899.005      1.0490858
   59    66.0    77.0    8706030.803    7566397.887      1.0451271
   60    67.0    77.0    8761395.655    7670524.029      1.0413480
   61    68.0    77.0    8816571.531    7774294.759      1.0377462
   62    69.0    77.0    8871567.518    7877727.166      1.0343195
   63    70.0    77.0    8926392.581    7980838.114      1.0310657
   64    71.0    77.0    8981055.573    8083644.249      1.0279828
   65    72.0    77.0    9035565.238    8186162.019      1.0250689
   66    73.0    77.0    9089930.219    8288407.677      1.0223223
   67    74.0    77.0    9144159.063    8390397.300      1.0197413
   68    75.0    77.0    9198260.230    8492146.796      1.0173243
   69    42.0    76.0    7205700.620    4958950.477      1.1973384
   70    43.0    76.0    7270835.988    5076457.790      1.1882457
   71    44.0    76.0    7335492.150    5193100.595      1.1794320
   72    45.0    76.0    7399684.139    5308906.008      1.1708905
   73    46.0    76.0    7463426.615    5423900.479      1.1626150
   74    47.0    76.0    7526733.885    5538109.818      1.1545993
   75    48.0    76.0    7589619.917    5651559.222      1.1468375
   76    49.0    76.0    7652098.351    5764273.301      1.1393239
   77    50.0    76.0    7714182.517    5876276.101      1.1320532
   78    51.0    76.0    7775885.442    5987591.124      1.1250202
   79    52.0    76.0    7837219.869    6098241.360      1.1182199
   80    53.0    76.0    7898198.264    6208249.296      1.1116476
   81    54.0    76.0    7958832.829    6317636.946      1.1052987
   82    55.0    76.0    8019135.513    6426425.869      1.0991689
   83    56.0    76.0    8079118.025    6534637.184      1.0932539
   84    57.0    76.0    8138791.838    6642291.594      1.0875499
   85    58.0    76.0    8198168.208    6749409.400      1.0820530
   86    59.0    76.0    8257258.174    6856010.521      1.0767595
   87    60.0    76.0    8316072.576    6962114.510      1.0716659
   88    61.0    76.0    8374622.056    7067740.569      1.0667690
   89    62.0    76.0    8432917.074    7172907.565      1.0620654
   90    63.0    76.0    8490967.911    7277634.047      1.0575523
   91    64.0    76.0    8548784.680    7381938.259      1.0532267
   92    65.0    76.0    8606377.333    7485838.155      1.0490858
   93    66.0    76.0    8663755.668    7589351.412      1.0451271
   94    67.0    76.0    8720929.339    7692495.445      1.0413480
   95    68.0    76.0    8777907.860    7795287.419      1.0377462
   96    69.0    76.0    8834700.615    7897744.261      1.0343195
   97    70.0    76.0    8891316.863    7999882.675      1.0310657
   98    71.0    76.0    8947765.744    8101719.152      1.0279828
   99    72.0    76.0    9004056.288    8203269.982      1.0250689
  100    73.0    76.0    9060197.422    8304551.269      1.0223223
  101    74.0    76.0    9116197.972    8405578.934      1.0197413
  102    75.0    76.0    9172066.672    8506368.738      1.0173243
  103    42.0    75.0    7118147.761    5008485.501      1.1973384
  104    43.0    75.0    7185323.993    5124838.149      1.1882457
  105    44.0    75.0    7252006.006    5240334.783      1.1794320
  106    45.0    75.0    7318209.301    5355002.254      1.1708905
  107    46.0    75.0    7383948.999    5468866.751      1.1626150
  108    47.0    75.0    7449239.855    5581953.831      1.1545993
  109    48.0    75.0    7514096.274    5694288.444      1.1468375
  110    49.0    75.0    7578532.324    5805894.957      1.1393239
  111    50.0    75.0    7642561.752    5916797.179      1.1320532
  112    51.0    75.0    7706197.995    6027018.385      1.1250202
  113    52.0    75.0    7769454.193    6136581.334      1.1182199
  114    53.0    75.0    7832343.204    6245508.296      1.1116476
  115    54.0    75.0    7894877.612    6353821.067      1.1052987
  116    55.0    75.0    7957069.740    6461540.994      1.0991689
  117    56.0    75.0    8018931.664    6568688.988      1.0932539
  118    57.0    75.0    8080475.217    6675285.550      1.0875499
  119    58.0    75.0    8141712.007    6781350.781      1.0820530
  120    59.0    75.0    8202653.420    6886904.405      1.0767595
  121    60.0    75.0    8263310.634    6991965.780      1.0716659
  122    61.0    75.0    8323694.626    7096553.922      1.0667690
  123    62.0    75.0    8383816.182    7200687.513      1.0620654
  124    63.0    75.0    8443685.907    7304384.918      1.0575523
  125    64.0    75.0    8503314.229    7407664.202      1.0532267
  126    65.0    75.0    8562711.414    7510543.144      1.0490858
  127    66.0    75.0    8621887.566    7613039.245      1.0451271
  128    67.0    75.0    8680852.640    7715169.751      1.0413480
  129    68.0    75.0    8739616.451    7816951.656      1.0377462
  130    69.0    75.0    8798188.675    7918401.723      1.0343195
  131    70.0    75.0    8856578.860    8019536.491      1.0310657
  132    71.0    75.0    8914796.435    8120372.289      1.0279828
  133    72.0    75.0    8972850.713    8220925.248      1.0250689
  134    73.0    75.0    9030750.898    8321211.310      1.0223223
  135    74.0    75.0    9088506.094    8421246.245      1.0197413
  136    75.0    75.0    9146125.310    8521045.654      1.0173243
  137    42.0    74.0    7031472.741    5059540.990      1.1973384
  138    43.0    74.0    7100669.376    5174703.529      1.1882457
  139    44.0    74.0    7169356.927    5289018.811      1.1794320
  140    45.0    74.0    7237551.362    5402513.410      1.1708905
  141    46.0    74.0    7305268.257    5515213.249      1.1626150
  142    47.0    74.0    7372522.811    5627143.623      1.1545993
  143    48.0    74.0    7439329.861    5738329.227      1.1468375
  144    49.0    74.0    7505703.900    5848794.177      1.1393239
  145    50.0    74.0    7571659.086    5958562.041      1.1320532
  146    51.0    74.0    7637209.262    6067655.854      1.1250202
  147    52.0    74.0    7702367.964    6176098.144      1.1182199
  148    53.0    74.0    7767148.433    6283910.951      1.1116476
  149    54.0    74.0    7831563.635    6391115.850      1.1052987
  150    55.0    74.0    7895626.264    6497733.967      1.0991689
  151    56.0    74.0    7959348.756    6603786.004      1.0932539
  152    57.0    74.0    8022743.302    6709292.247      1.0875499
  153    58.0    74.0    8085821.859    6814272.594      1.0820530
  154    59.0    74.0    8148596.155    6918746.567      1.0767595
  155    60.0    74.0    8211077.704    7022733.327      1.0716659
  156    61.0    74.0    8273277.814    7126251.694      1.0667690
  157    62.0    74.0    8335207.595    7229320.158      1.0620654
  158    63.0    74.0    8396877.971    7331956.899      1.0575523
  159    64.0    74.0    8458299.684    7434179.796      1.0532267
  160    65.0    74.0    8519483.307    7536006.444      1.0490858
  161    66.0    74.0    8580439.250    7637454.169      1.0451271
  162    67.0    74.0    8641177.767    7738540.037      1.0413480
  163    68.0    74.0    8701708.967    7839280.871      1.0377462
  164    69.0    74.0    8762042.817    7939693.260      1.0343195
  165    70.0    74.0    8822189.155    8039793.576      1.0310657
  166    71.0    74.0    8882157.690    8139597.979      1.0279828
  167    72.0    74.0    8941958.017    8239122.436      1.0250689
  168    73.0    74.0    9001599.617    8338382.727      1.0223223
  169    74.0    74.0    9061091.867    8437394.459      1.0197413
  170    75.0    74.0    9120444.047    8536173.074      1.0173243
  171    42.0    73.0    6945701.963    5112101.390      1.1973384
  172    43.0    73.0    7016897.922    5226038.742      1.1882457
  173    44.0    73.0    7087570.089    5339137.850      1.1794320
  174    45.0    73.0    7157734.892    5451425.006      1.1708905
  175    46.0    73.0    7227408.356    5562925.858      1.1626150
  176    47.0    73.0    7296606.121    5673665.430      1.1545993
  177    48.0    73.0    7365343.453    5783668.156      1.1468375
  178    49.0    73.0    7433635.262    5892957.896      1.1393239
  179    50.0    73.0    7501496.117    6001557.965      1.1320532
  180    51.0    73.0    7568940.259    6109491.154      1.1250202
  181    52.0    73.0    7635981.615    6216779.751      1.1182199
  182    53.0    73.0    7702633.811    6323445.562      1.1116476
  183    54.0    73.0    7768910.186    6429509.933      1.1052987
  184    55.0    73.0    7834823.800    6534993.765      1.0991689
  185    56.0    73.0    7900387.450    6639917.538      1.0932539
  186    57.0    73.0    7965613.679    6744301.325      1.0875499
  187    58.0    73.0    8030514.788    6848164.811      1.0820530
  188    59.0    73.0    8095102.845    6951527.309      1.0767595
  189    60.0    73.0    8159389.698    7054407.778      1.0716659
  190    61.0    73.0    8223386.979    7156824.837      1.0667690
  191    62.0    73.0    8287106.121    7258796.780      1.0620654
  192    63.0    73.0    8350558.362    7360341.592      1.0575523
  193    64.0    73.0    8413754.755    7461476.963      1.0532267
  194    65.0    73.0    8476706.180    7562220.302      1.0490858
  195    66.0    73.0    8539423.345    7662588.747      1.0451271
  196    67.0    73.0    8601916.804    7762599.186      1.0413480
  197    68.0    73.0    8664196.954    7862268.262      1.0377462
  198    69.0    73.0    8726274.053    7961612.387      1.0343195
  199    70.0    73.0    8788158.222    8060647.758      1.0310657
  200    71.0    73.0    8849859.451    8159390.366      1.0279828
  201    72.0    73.0    8911387.611    8257856.005      1.0250689
  202    73.0    73.0    8972752.458    8356060.289      1.0223223
  203    74.0    73.0    9033963.640    8454018.657      1.0197413
  204    75.0    73.0    9095030.705    8551746.390      1.0173243
  205    42.0    72.0    6860861.555    5166150.691      1.1973384
  206    43.0    72.0    6934035.151    5278828.149      1.1882457
  207    44.0    72.0    7006670.405    5390676.632      1.1794320
  208    45.0    72.0    7078784.203    5501722.142      1.1708905
  209    46.0    72.0    7150393.014    5611990.042      1.1626150
  210    47.0    72.0    7221512.912    5721505.081      1.1545993
  211    48.0    72.0    7292159.587    5830291.420      1.1468375
  212    49.0    72.0    7362348.364    5938372.658      1.1393239
  213    50.0    72.0    7432094.215    6045771.852      1.1320532
  214    51.0    72.0    7501411.779    6152511.540      1.1250202
  215    52.0    72.0    7570315.369    6258613.763      1.1182199
  216    53.0    72.0    7638818.989    6364100.088      1.1116476
  217    54.0    72.0    7706936.348    6468991.622      1.1052987
  218    55.0    72.0    7774680.869    6573309.038      1.0991689
  219    56.0    72.0    7842065.706    6677072.587      1.0932539
  220    57.0    72.0    7909103.749    6780302.121      1.0875499
  221    58.0    72.0    7975807.642    6883017.107      1.0820530
  222    59.0    72.0    8042189.786    6985236.646      1.0767595
  223    60.0    72.0    8108262.359    7086979.485      1.0716659
  224    61.0    72.0    8174037.317    7188264.039      1.0667690
  225    62.0    72.0    8239526.410    7289108.399      1.0620654
  226    63.0    72.0    8304741.188    7389530.351      1.0575523
  227    64.0    72.0    8369693.012    7489547.389      1.0532267
  228    65.0    72.0    8434393.063    7589176.730      1.0490858
  229    66.0    72.0    8498852.347    7688435.324      1.0451271
  230    67.0    72.0    8563081.710    7787339.870      1.0413480
  231    68.0    72.0    8627091.840    7885906.826      1.0377462
  232    69.0    72.0    8690893.279    7984152.426      1.0343195
  233    70.0    72.0    8754496.427    8082092.686      1.0310657
  234    71.0    72.0    8817911.555    8179743.420      1.0279828
  235    72.0    72.0    8881148.807    8277120.248      1.0250689
  236    73.0    72.0    8944218.209    8374238.610      1.0223223
  237    74.0    72.0    9007129.678    8471113.777      1.0197413
  238    75.0    72.0    9069893.026    8567760.858      1.0173243
