      * MODIFIED TRANSVERSE MERCATOR *                  PARAMETERS :    A =  6378206.398
                                  B =  6356583.798
                                 X0 =   500000.000
                                 CM =       75.000
                                 SF =    0.9996000

          LAT     LON        Y              X               SF

    1    42.0    78.0    4653917.463     251528.228      1.0003597
    2    43.0    78.0    4764968.076     255460.079      1.0003357
    3    44.0    78.0    4876033.059     259466.734      1.0003116
    4    45.0    78.0    4987112.442     263546.993      1.0002875
    5    46.0    78.0    5098206.239     267699.632      1.0002634
    6    47.0    78.0    5209314.447     271923.404      1.0002394
    7    48.0    78.0    5320437.044     276217.041      1.0002154
    8    49.0    78.0    5431573.992     280579.250      1.0001915
    9    50.0    78.0    5542725.234     285008.718      1.0001677
   10    51.0    78.0    5653890.697     289504.110      1.0001441
   11    52.0    78.0    5765070.289     294064.070      1.0001206
   12    53.0    78.0    5876263.901     298687.219      1.0000974
   13    54.0    78.0    5987471.408     303372.160      1.0000744
   14    55.0    78.0    6098692.667     308117.476      1.0000517
   15    56.0    78.0    6209927.518     312921.727      1.0000293
   16    57.0    78.0    6321175.784     317783.458      1.0000071
   17    58.0    78.0    6432437.273     322701.192      0.9999854
   18    59.0    78.0    6543711.776     327673.435      0.9999640
   19    60.0    78.0    6654999.066     332698.674      0.9999430
   20    61.0    78.0    6766298.903     337775.381      0.9999224
   21    62.0    78.0    6877611.029     342902.008      0.9999023
   22    63.0    78.0    6988935.174     348076.991      0.9998827
   23    64.0    78.0    7100271.050     353298.751      0.9998635
   24    65.0    78.0    7211618.355     358565.693      0.9998449
   25    66.0    78.0    7322976.775     363876.206      0.9998268
   26    67.0    78.0    7434345.980     369228.665      0.9998093
   27    68.0    78.0    7545725.627     374621.432      0.9997923
   28    69.0    78.0    7657115.360     380052.853      0.9997760
   29    70.0    78.0    7768514.811     385521.263      0.9997603
   30    71.0    78.0    7879923.599     391024.983      0.9997452
   31    72.0    78.0    7991341.333     396562.324      0.9997308
   32    73.0    78.0    8102767.610     402131.584      0.9997171
   33    74.0    78.0    8214202.015     407731.049      0.9997041
   34    75.0    78.0    8325644.124     413358.998      0.9996918
   35    42.0    77.0    4651497.564     334356.612      0.9999376
   36    43.0    77.0    4762540.717     336976.330      0.9999269
   37    44.0    77.0    4873601.195     339645.961      0.9999163
   38    45.0    77.0    4984679.036     342364.706      0.9999055
   39    46.0    77.0    5095774.257     345131.754      0.9998948
   40    47.0    77.0    5206886.851     347946.277      0.9998842
   41    48.0    77.0    5318016.793     350807.430      0.9998735
   42    49.0    77.0    5429164.034     353714.355      0.9998629
   43    50.0    77.0    5540328.507     356666.180      0.9998523
   44    51.0    77.0    5651510.121     359662.016      0.9998418
   45    52.0    77.0    5762708.766     362700.960      0.9998314
   46    53.0    77.0    5873924.310     365782.097      0.9998211
   47    54.0    77.0    5985156.601     368904.496      0.9998109
   48    55.0    77.0    6096405.466     372067.214      0.9998008
   49    56.0    77.0    6207670.711     375269.292      0.9997908
   50    57.0    77.0    6318952.124     378509.762      0.9997810
   51    58.0    77.0    6430249.471     381787.639      0.9997713
   52    59.0    77.0    6541562.499     385101.928      0.9997618
   53    60.0    77.0    6652890.935     388451.621      0.9997525
   54    61.0    77.0    6764234.490     391835.700      0.9997433
   55    62.0    77.0    6875592.852     395253.132      0.9997344
   56    63.0    77.0    6986965.695     398702.875      0.9997257
   57    64.0    77.0    7098352.670     402183.875      0.9997172
   58    65.0    77.0    7209753.416     405695.069      0.9997089
   59    66.0    77.0    7321167.552     409235.382      0.9997008
   60    67.0    77.0    7432594.679     412803.729      0.9996930
   61    68.0    77.0    7544034.385     416399.017      0.9996855
   62    69.0    77.0    7655486.242     420020.143      0.9996783
   63    70.0    77.0    7766949.804     423665.994      0.9996713
   64    71.0    77.0    7878424.614     427335.449      0.9996646
   65    72.0    77.0    7989910.198     431027.381      0.9996582
   66    73.0    77.0    8101406.072     434740.652      0.9996521
   67    74.0    77.0    8212911.736     438474.118      0.9996463
   68    75.0    77.0    8324426.678     442226.629      0.9996408
   69    42.0    76.0    4650046.312     417179.648      0.9996844
   70    43.0    76.0    4761084.959     418489.053      0.9996817
   71    44.0    76.0    4872142.705     419823.426      0.9996791
   72    45.0    76.0    4983219.590     421182.371      0.9996764
   73    46.0    76.0    5094315.633     422565.482      0.9996737
   74    47.0    76.0    5205430.827     423972.345      0.9996710
   75    48.0    76.0    5316565.142     425402.540      0.9996684
   76    49.0    76.0    5427718.527     426855.639      0.9996657
   77    50.0    76.0    5538890.905     428331.205      0.9996631
   78    51.0    76.0    5650082.178     429828.795      0.9996605
   79    52.0    76.0    5761292.222     431347.958      0.9996579
   80    53.0    76.0    5872520.892     432888.238      0.9996553
   81    54.0    76.0    5983768.021     434449.169      0.9996527
   82    55.0    76.0    6095033.418     436030.279      0.9996502
   83    56.0    76.0    6206316.870     437631.092      0.9996477
   84    57.0    76.0    6317618.140     439251.121      0.9996453
   85    58.0    76.0    6428936.973     440889.876      0.9996428
   86    59.0    76.0    6540273.088     442546.858      0.9996405
   87    60.0    76.0    6651626.186     444221.565      0.9996381
   88    61.0    76.0    6762995.946     445913.486      0.9996358
   89    62.0    76.0    6874382.026     447622.106      0.9996336
   90    63.0    76.0    6985784.064     449346.903      0.9996314
   91    64.0    76.0    7097201.679     451087.352      0.9996293
   92    65.0    76.0    7208634.469     452842.918      0.9996272
   93    66.0    76.0    7320082.016     454613.065      0.9996252
   94    67.0    76.0    7431543.881     456397.251      0.9996233
   95    68.0    76.0    7543019.608     458194.928      0.9996214
   96    69.0    76.0    7654508.726     460005.544      0.9996196
   97    70.0    76.0    7766010.743     461828.543      0.9996178
   98    71.0    76.0    7877525.156     463663.363      0.9996161
   99    72.0    76.0    7989051.443     465509.440      0.9996145
  100    73.0    76.0    8100589.068     467366.205      0.9996130
  101    74.0    76.0    8212137.483     469233.085      0.9996116
  102    75.0    76.0    8323696.122     471109.503      0.9996102
  103    42.0    75.0    4649562.676     500000.000      0.9996000
  104    43.0    75.0    4760599.816     500000.000      0.9996000
  105    44.0    75.0    4871656.646     500000.000      0.9996000
  106    45.0    75.0    4982733.208     500000.000      0.9996000
  107    46.0    75.0    5093829.519     500000.000      0.9996000
  108    47.0    75.0    5204945.574     500000.000      0.9996000
  109    48.0    75.0    5316081.342     500000.000      0.9996000
  110    49.0    75.0    5427236.769     500000.000      0.9996000
  111    50.0    75.0    5538411.777     500000.000      0.9996000
  112    51.0    75.0    5649606.263     500000.000      0.9996000
  113    52.0    75.0    5760820.102     500000.000      0.9996000
  114    53.0    75.0    5872053.142     500000.000      0.9996000
  115    54.0    75.0    5983305.212     500000.000      0.9996000
  116    55.0    75.0    6094576.115     500000.000      0.9996000
  117    56.0    75.0    6205865.629     500000.000      0.9996000
  118    57.0    75.0    6317173.514     500000.000      0.9996000
  119    58.0    75.0    6428499.504     500000.000      0.9996000
  120    59.0    75.0    6539843.311     500000.000      0.9996000
  121    60.0    75.0    6651204.625     500000.000      0.9996000
  122    61.0    75.0    6762583.116     500000.000      0.9996000
  123    62.0    75.0    6873978.431     500000.000      0.9996000
  124    63.0    75.0    6985390.197     500000.000      0.9996000
  125    64.0    75.0    7096818.021     500000.000      0.9996000
  126    65.0    75.0    7208261.490     500000.000      0.9996000
  127    66.0    75.0    7319720.171     500000.000      0.9996000
  128    67.0    75.0    7431193.612     500000.000      0.9996000
  129    68.0    75.0    7542681.344     500000.000      0.9996000
  130    69.0    75.0    7654182.879     500000.000      0.9996000
  131    70.0    75.0    7765697.714     500000.000      0.9996000
  132    71.0    75.0    7877225.326     500000.000      0.9996000
  133    72.0    75.0    7988765.179     500000.000      0.9996000
  134    73.0    75.0    8100316.720     500000.000      0.9996000
  135    74.0    75.0    8211879.384     500000.000      0.9996000
  136    75.0    75.0    8323452.589     500000.000      0.9996000
  137    42.0    74.0    4650046.312     582820.352      0.9996844
  138    43.0    74.0    4761084.959     581510.947      0.9996817
  139    44.0    74.0    4872142.705     580176.574      0.9996791
  140    45.0    74.0    4983219.590     578817.629      0.9996764
  141    46.0    74.0    5094315.633     577434.518      0.9996737
  142    47.0    74.0    5205430.827     576027.655      0.9996710
  143    48.0    74.0    5316565.142     574597.460      0.9996684
  144    49.0    74.0    5427718.527     573144.361      0.9996657
  145    50.0    74.0    5538890.905     571668.795      0.9996631
  146    51.0    74.0    5650082.178     570171.205      0.9996605
  147    52.0    74.0    5761292.222     568652.042      0.9996579
  148    53.0    74.0    5872520.892     567111.762      0.9996553
  149    54.0    74.0    5983768.021     565550.831      0.9996527
  150    55.0    74.0    6095033.418     563969.721      0.9996502
  151    56.0    74.0    6206316.870     562368.908      0.9996477
  152    57.0    74.0    6317618.140     560748.879      0.9996453
  153    58.0    74.0    6428936.973     559110.124      0.9996428
  154    59.0    74.0    6540273.088     557453.142      0.9996405
  155    60.0    74.0    6651626.186     555778.435      0.9996381
  156    61.0    74.0    6762995.946     554086.514      0.9996358
  157    62.0    74.0    6874382.026     552377.894      0.9996336
  158    63.0    74.0    6985784.064     550653.097      0.9996314
  159    64.0    74.0    7097201.679     548912.648      0.9996293
  160    65.0    74.0    7208634.469     547157.082      0.9996272
  161    66.0    74.0    7320082.016     545386.935      0.9996252
  162    67.0    74.0    7431543.881     543602.749      0.9996233
  163    68.0    74.0    7543019.608     541805.072      0.9996214
  164    69.0    74.0    7654508.726     539994.456      0.9996196
  165    70.0    74.0    7766010.743     538171.457      0.9996178
  166    71.0    74.0    7877525.156     536336.637      0.9996161
  167    72.0    74.0    7989051.443     534490.560      0.9996145
  168    73.0    74.0    8100589.068     532633.795      0.9996130
  169    74.0    74.0    8212137.483     530766.915      0.9996116
  170    75.0    74.0    8323696.122     528890.497      0.9996102
  171    42.0    73.0    4651497.564     665643.388      0.9999376
  172    43.0    73.0    4762540.717     663023.670      0.9999269
  173    44.0    73.0    4873601.195     660354.039      0.9999163
  174    45.0    73.0    4984679.036     657635.294      0.9999055
  175    46.0    73.0    5095774.257     654868.246      0.9998948
  176    47.0    73.0    5206886.851     652053.723      0.9998842
  177    48.0    73.0    5318016.793     649192.570      0.9998735
  178    49.0    73.0    5429164.034     646285.645      0.9998629
  179    50.0    73.0    5540328.507     643333.820      0.9998523
  180    51.0    73.0    5651510.121     640337.984      0.9998418
  181    52.0    73.0    5762708.766     637299.040      0.9998314
  182    53.0    73.0    5873924.310     634217.903      0.9998211
  183    54.0    73.0    5985156.601     631095.504      0.9998109
  184    55.0    73.0    6096405.466     627932.786      0.9998008
  185    56.0    73.0    6207670.711     624730.708      0.9997908
  186    57.0    73.0    6318952.124     621490.238      0.9997810
  187    58.0    73.0    6430249.471     618212.361      0.9997713
  188    59.0    73.0    6541562.499     614898.072      0.9997618
  189    60.0    73.0    6652890.935     611548.379      0.9997525
  190    61.0    73.0    6764234.490     608164.300      0.9997433
  191    62.0    73.0    6875592.852     604746.868      0.9997344
  192    63.0    73.0    6986965.695     601297.125      0.9997257
  193    64.0    73.0    7098352.670     597816.125      0.9997172
  194    65.0    73.0    7209753.416     594304.931      0.9997089
  195    66.0    73.0    7321167.552     590764.618      0.9997008
  196    67.0    73.0    7432594.679     587196.271      0.9996930
  197    68.0    73.0    7544034.385     583600.983      0.9996855
  198    69.0    73.0    7655486.242     579979.857      0.9996783
  199    70.0    73.0    7766949.804     576334.006      0.9996713
  200    71.0    73.0    7878424.614     572664.551      0.9996646
  201    72.0    73.0    7989910.198     568972.619      0.9996582
  202    73.0    73.0    8101406.072     565259.348      0.9996521
  203    74.0    73.0    8212911.736     561525.882      0.9996463
  204    75.0    73.0    8324426.678     557773.371      0.9996408
  205    42.0    72.0    4653917.463     748471.772      1.0003597
  206    43.0    72.0    4764968.076     744539.921      1.0003357
  207    44.0    72.0    4876033.059     740533.266      1.0003116
  208    45.0    72.0    4987112.442     736453.007      1.0002875
  209    46.0    72.0    5098206.239     732300.368      1.0002634
  210    47.0    72.0    5209314.447     728076.596      1.0002394
  211    48.0    72.0    5320437.044     723782.959      1.0002154
  212    49.0    72.0    5431573.992     719420.750      1.0001915
  213    50.0    72.0    5542725.234     714991.282      1.0001677
  214    51.0    72.0    5653890.697     710495.890      1.0001441
  215    52.0    72.0    5765070.289     705935.930      1.0001206
  216    53.0    72.0    5876263.901     701312.781      1.0000974
  217    54.0    72.0    5987471.408     696627.840      1.0000744
  218    55.0    72.0    6098692.667     691882.524      1.0000517
  219    56.0    72.0    6209927.518     687078.273      1.0000293
  220    57.0    72.0    6321175.784     682216.542      1.0000071
  221    58.0    72.0    6432437.273     677298.808      0.9999854
  222    59.0    72.0    6543711.776     672326.565      0.9999640
  223    60.0    72.0    6654999.066     667301.326      0.9999430
  224    61.0    72.0    6766298.903     662224.619      0.9999224
  225    62.0    72.0    6877611.029     657097.992      0.9999023
  226    63.0    72.0    6988935.174     651923.009      0.9998827
  227    64.0    72.0    7100271.050     646701.249      0.9998635
  228    65.0    72.0    7211618.355     641434.307      0.9998449
  229    66.0    72.0    7322976.775     636123.794      0.9998268
  230    67.0    72.0    7434345.980     630771.335      0.9998093
  231    68.0    72.0    7545725.627     625378.568      0.9997923
  232    69.0    72.0    7657115.360     619947.147      0.9997760
  233    70.0    72.0    7768514.811     614478.737      0.9997603
  234    71.0    72.0    7879923.599     608975.017      0.9997452
  235    72.0    72.0    7991341.333     603437.676      0.9997308
  236    73.0    72.0    8102767.610     597868.416      0.9997171
  237    74.0    72.0    8214202.015     592268.951      0.9997041
  238    75.0    72.0    8325644.124     586641.002      0.9996918
