================================================================================
*                   *      UTMw DATA      *        (  TRANSFORMED FROM  MTMw   )
________________________________________________________________________________
                         Y          X        <=--           Y          X
------------------------------------------- NAD 27 -----------------------------
Id:     1          = 4653917.463 251528.228        ( Z= 4652046.692 375731.349 )
Id:     2          = 4764968.077 255460.077        ( Z= 4763120.544 377696.329 )
Id:     3          = 4876033.061 259466.731        ( Z= 4874212.762 379698.766 )
Id:     4          = 4987112.446 263546.990        ( Z= 4985323.385 381738.063 )
Id:     5          = 5098206.244 267699.629        ( Z= 5096452.430 383813.610 )
Id:     6          = 5209314.453 271923.401        ( Z= 5207599.891 385924.787 )
Id:     7          = 5320437.051 276217.038        ( Z= 5318765.740 388070.962 )
Id:     8          = 5431574.000 280579.247        ( Z= 5429949.927 390251.491 )
Id:     9          = 5542725.241 285008.717        ( Z= 5541152.378 392465.721 )
Id:     10         = 5653890.703 289504.109        ( Z= 5652372.999 394712.985 )
Id:     11         = 5765070.293 294064.070        ( Z= 5763611.671 396992.608 )
Id:     12         = 5876263.905 298687.219        ( Z= 5874868.256 399303.901 )
Id:     13         = 5987471.411 303372.161        ( Z= 5986142.591 401646.168 )
Id:     14         = 6098692.668 308117.477        ( Z= 6097434.493 404018.701 )
Id:     15         = 6209927.518 312921.728        ( Z= 6208743.758 406420.782 )
Id:     16         = 6321175.784 317783.459        ( Z= 6320070.158 408851.684 )
Id:     17         = 6432437.273 322701.192        ( Z= 6431413.447 411310.668 )
Id:     18         = 6543711.775 327673.434        ( Z= 6542773.357 413796.989 )
Id:     19         = 6654999.066 332698.674        ( Z= 6654149.598 416309.891 )
Id:     20         = 6766298.903 337775.379        ( Z= 6765541.862 418848.608 )
Id:     21         = 6877611.031 342902.005        ( Z= 6876949.821 421412.367 )
Id:     22         = 6988935.177 348076.987        ( Z= 6988373.127 424000.386 )
Id:     23         = 7100271.054 353298.747        ( Z= 7099811.412 426611.875 )
Id:     24         = 7211618.360 358565.689        ( Z= 7211264.291 429246.034 )
Id:     25         = 7322976.781 363876.201        ( Z= 7322731.362 431902.057 )
Id:     26         = 7434345.987 369228.661        ( Z= 7434212.202 434579.132 )
Id:     27         = 7545725.633 374621.427        ( Z= 7545706.373 437276.436 )
Id:     28         = 7657115.366 380052.849        ( Z= 7657213.422 439993.142 )
Id:     29         = 7768514.817 385521.260        ( Z= 7768732.877 442728.415 )
Id:     30         = 7879923.604 391024.982        ( Z= 7880264.252 445481.414 )
Id:     31         = 7991341.336 396562.323        ( Z= 7991807.046 448251.291 )
Id:     32         = 8102767.612 402131.583        ( Z= 8103360.745 451037.193 )
Id:     33         = 8214202.016 407731.049        ( Z= 8214924.820 453838.261 )
Id:     34         = 8325644.124 413358.998        ( Z= 8326498.728 456653.632 )
Id:     35         = 4651497.564 334356.611        ( Z= 4651079.043 458577.564 )
Id:     36         = 4762540.718 336976.329        ( Z= 4762149.885 459232.406 )
Id:     37         = 4873601.197 339645.959        ( Z= 4873240.274 459899.738 )
Id:     38         = 4984679.040 342364.704        ( Z= 4984350.253 460579.361 )
Id:     39         = 5095774.262 345131.752        ( Z= 5095479.840 461271.072 )
Id:     40         = 5206886.857 347946.274        ( Z= 5206629.028 461974.665 )
Id:     41         = 5318016.799 350807.426        ( Z= 5317797.787 462689.929 )
Id:     42         = 5429164.041 353714.352        ( Z= 5428986.064 463416.651 )
Id:     43         = 5540328.514 356666.177        ( Z= 5540193.780 464154.612 )
Id:     44         = 5651510.128 359662.014        ( Z= 5651420.835 464903.591 )
Id:     45         = 5762708.771 362700.959        ( Z= 5762667.102 465663.362 )
Id:     46         = 5873924.314 365782.097        ( Z= 5873932.433 466433.697 )
Id:     47         = 5985156.604 368904.496        ( Z= 5985216.657 467214.363 )
Id:     48         = 6096405.467 372067.214        ( Z= 6096519.577 468005.125 )
Id:     49         = 6207670.711 375269.293        ( Z= 6207840.976 468805.743 )
Id:     50         = 6318952.124 378509.762        ( Z= 6319180.613 469615.975 )
Id:     51         = 6430249.470 381787.639        ( Z= 6430538.224 470435.575 )
Id:     52         = 6541562.498 385101.927        ( Z= 6541913.524 471264.294 )
Id:     53         = 6652890.936 388451.621        ( Z= 6653306.206 472101.882 )
Id:     54         = 6764234.491 391835.698        ( Z= 6764715.940 472948.081 )
Id:     55         = 6875592.854 395253.130        ( Z= 6876142.378 473802.636 )
Id:     56         = 6986965.698 398702.872        ( Z= 6987585.149 474665.284 )
Id:     57         = 7098352.675 402183.872        ( Z= 7099043.862 475535.763 )
Id:     58         = 7209753.421 405695.064        ( Z= 7210518.106 476413.805 )
Id:     59         = 7321167.558 409235.377        ( Z= 7322007.454 477299.144 )
Id:     60         = 7432594.686 412803.725        ( Z= 7433511.456 478191.506 )
Id:     61         = 7544034.393 416399.012        ( Z= 7545029.646 479090.618 )
Id:     62         = 7655486.249 420020.139        ( Z= 7656561.540 479996.205 )
Id:     63         = 7766949.810 423665.991        ( Z= 7768106.637 480907.987 )
Id:     64         = 7878424.619 427335.447        ( Z= 7879664.420 481825.684 )
Id:     65         = 7989910.201 431027.379        ( Z= 7991234.355 482749.013 )
Id:     66         = 8101406.074 434740.651        ( Z= 8102815.896 483677.690 )
Id:     67         = 8212911.736 438474.118        ( Z= 8214408.478 484611.429 )
Id:     68         = 8324426.679 442226.629        ( Z= 8326011.526 485549.940 )
Id:     69         = 4650046.312 417179.648        ( Z= 4651079.043 541422.436 )
Id:     70         = 4761084.961 418489.052        ( Z= 4762149.885 540767.594 )
Id:     71         = 4872142.708 419823.425        ( Z= 4873240.274 540100.262 )
Id:     72         = 4983219.594 421182.369        ( Z= 4984350.253 539420.639 )
Id:     73         = 5094315.639 422565.479        ( Z= 5095479.840 538728.928 )
Id:     74         = 5205430.833 423972.342        ( Z= 5206629.028 538025.335 )
Id:     75         = 5316565.149 425402.537        ( Z= 5317797.787 537310.071 )
Id:     76         = 5427718.534 426855.636        ( Z= 5428986.064 536583.349 )
Id:     77         = 5538890.911 428331.202        ( Z= 5540193.780 535845.388 )
Id:     78         = 5650082.184 429828.792        ( Z= 5651420.835 535096.409 )
Id:     79         = 5761292.226 431347.956        ( Z= 5762667.102 534336.638 )
Id:     80         = 5872520.895 432888.236        ( Z= 5873932.433 533566.303 )
Id:     81         = 5983768.024 434449.168        ( Z= 5985216.657 532785.637 )
Id:     82         = 6095033.419 436030.279        ( Z= 6096519.577 531994.875 )
Id:     83         = 6206316.870 437631.091        ( Z= 6207840.976 531194.257 )
Id:     84         = 6317618.140 439251.121        ( Z= 6319180.613 530384.025 )
Id:     85         = 6428936.972 440889.875        ( Z= 6430538.224 529564.425 )
Id:     86         = 6540273.088 442546.858        ( Z= 6541913.524 528735.706 )
Id:     87         = 6651626.187 444221.564        ( Z= 6653306.206 527898.118 )
Id:     88         = 6762995.947 445913.485        ( Z= 6764715.940 527051.919 )
Id:     89         = 6874382.028 447622.104        ( Z= 6876142.378 526197.364 )
Id:     90         = 6985784.068 449346.901        ( Z= 6987585.149 525334.716 )
Id:     91         = 7097201.684 451087.348        ( Z= 7099043.862 524464.237 )
Id:     92         = 7208634.474 452842.915        ( Z= 7210518.106 523586.195 )
Id:     93         = 7320082.022 454613.061        ( Z= 7322007.454 522700.856 )
Id:     94         = 7431543.888 456397.247        ( Z= 7433511.456 521808.494 )
Id:     95         = 7543019.615 458194.924        ( Z= 7545029.646 520909.382 )
Id:     96         = 7654508.732 460005.540        ( Z= 7656561.540 520003.795 )
Id:     97         = 7766010.749 461828.539        ( Z= 7768106.637 519092.013 )
Id:     98         = 7877525.161 463663.360        ( Z= 7879664.420 518174.316 )
Id:     99         = 7989051.445 465509.439        ( Z= 7991234.355 517250.987 )
Id:     100        = 8100589.070 467366.204        ( Z= 8102815.896 516322.310 )
Id:     101        = 8212137.483 469233.084        ( Z= 8214408.478 515388.571 )
Id:     102        = 8323696.123 471109.503        ( Z= 8326011.526 514450.060 )
Id:     103        = 4649562.676 500000.000        ( Z= 4652046.692 624268.651 )
Id:     104        = 4760599.818 500000.001        ( Z= 4763120.544 622303.671 )
Id:     105        = 4871656.650 500000.000        ( Z= 4874212.762 620301.234 )
Id:     106        = 4982733.213 499999.999        ( Z= 4985323.385 618261.937 )
Id:     107        = 5093829.526 499999.998        ( Z= 5096452.430 616186.390 )
Id:     108        = 5204945.581 499999.997        ( Z= 5207599.891 614075.213 )
Id:     109        = 5316081.349 499999.997        ( Z= 5318765.740 611929.038 )
Id:     110        = 5427236.776 499999.997        ( Z= 5429949.927 609748.509 )
Id:     111        = 5538411.783 499999.997        ( Z= 5541152.378 607534.279 )
Id:     112        = 5649606.269 499999.997        ( Z= 5652372.999 605287.015 )
Id:     113        = 5760820.105 499999.997        ( Z= 5763611.671 603007.392 )
Id:     114        = 5872053.145 499999.998        ( Z= 5874868.256 600696.099 )
Id:     115        = 5983305.214 499999.999        ( Z= 5986142.591 598353.832 )
Id:     116        = 6094576.115 499999.999        ( Z= 6097434.493 595981.299 )
Id:     117        = 6205865.630 500000.000        ( Z= 6208743.758 593579.218 )
Id:     118        = 6317173.514 500000.000        ( Z= 6320070.158 591148.316 )
Id:     119        = 6428499.504 500000.000        ( Z= 6431413.447 588689.332 )
Id:     120        = 6539843.311 500000.001        ( Z= 6542773.357 586203.011 )
Id:     121        = 6651204.626 500000.000        ( Z= 6654149.598 583690.109 )
Id:     122        = 6762583.117 500000.000        ( Z= 6765541.862 581151.392 )
Id:     123        = 6873978.433 499999.999        ( Z= 6876949.821 578587.633 )
Id:     124        = 6985390.201 499999.999        ( Z= 6988373.127 575999.614 )
Id:     125        = 7096818.026 499999.997        ( Z= 7099811.412 573388.125 )
Id:     126        = 7208261.495 499999.996        ( Z= 7211264.291 570753.966 )
Id:     127        = 7319720.177 499999.996        ( Z= 7322731.362 568097.943 )
Id:     128        = 7431193.619 499999.995        ( Z= 7434212.202 565420.868 )
Id:     129        = 7542681.350 499999.996        ( Z= 7545706.373 562723.564 )
Id:     130        = 7654182.886 499999.996        ( Z= 7657213.422 560006.858 )
Id:     131        = 7765697.719 499999.996        ( Z= 7768732.877 557271.585 )
Id:     132        = 7877225.330 499999.996        ( Z= 7880264.252 554518.586 )
Id:     133        = 7988765.181 499999.997        ( Z= 7991807.046 551748.709 )
Id:     134        = 8100316.721 499999.998        ( Z= 8103360.745 548962.807 )
Id:     135        = 8211879.384 500000.000        ( Z= 8214924.820 546161.739 )
Id:     136        = 8323452.589 500000.000        ( Z= 8326498.728 543346.368 )
