===============================================================================
* TRANSFORM:      UTMe           TO             MTMe              (grid-calc) *
_______________________________________________________________________________
            Y          X         -=>      Y          X             DY     DX
------------------------------  NAD27 -----------------------------------------
   1 Z= 4653917.463 748471.772  F(Z)= 4652046.692 624268.651  D=  0.000  0.000
   2 Z= 4764968.076 744539.921  F(Z)= 4763120.545 622303.671  D= -0.001 -0.000
   3 Z= 4876033.059 740533.266  F(Z)= 4874212.765 620301.234  D= -0.003 -0.000
   4 Z= 4987112.442 736453.007  F(Z)= 4985323.389 618261.937  D= -0.004  0.000
   5 Z= 5098206.239 732300.368  F(Z)= 5096452.435 616186.388  D= -0.005  0.002
   6 Z= 5209314.447 728076.596  F(Z)= 5207599.897 614075.211  D= -0.006  0.002
   7 Z= 5320437.044 723782.959  F(Z)= 5318765.746 611929.035  D= -0.006  0.003
   8 Z= 5431573.992 719420.750  F(Z)= 5429949.933 609748.505  D= -0.006  0.004
   9 Z= 5542725.234 714991.282  F(Z)= 5541152.384 607534.276  D= -0.006  0.003
  10 Z= 5653890.697 710495.890  F(Z)= 5652373.004 605287.012  D= -0.005  0.003
  11 Z= 5765070.289 705935.930  F(Z)= 5763611.676 603007.389  D= -0.005  0.003
  12 Z= 5876263.901 701312.781  F(Z)= 5874868.260 600696.097  D= -0.004  0.002
  13 Z= 5987471.408 696627.840  F(Z)= 5986142.594 598353.831  D= -0.003  0.001
  14 Z= 6098692.667 691882.524  F(Z)= 6097434.495 595981.298  D= -0.002  0.001
  15 Z= 6209927.518 687078.273  F(Z)= 6208743.759 593579.218  D= -0.001  0.000
  16 Z= 6321175.784 682216.542  F(Z)= 6320070.159 591148.316  D= -0.001 -0.000
  17 Z= 6432437.273 677298.808  F(Z)= 6431413.447 588689.332  D= -0.000  0.000
  18 Z= 6543711.776 672326.565  F(Z)= 6542773.358 586203.010  D= -0.001  0.001
  19 Z= 6654999.066 667301.326  F(Z)= 6654149.599 583690.109  D= -0.001 -0.000
  20 Z= 6766298.903 662224.619  F(Z)= 6765541.864 581151.391  D= -0.002  0.001
  21 Z= 6877611.029 657097.992  F(Z)= 6876949.823 578587.631  D= -0.002  0.002
  22 Z= 6988935.174 651923.009  F(Z)= 6988373.130 575999.611  D= -0.003  0.003
  23 Z= 7100271.050 646701.249  F(Z)= 7099811.416 573388.122  D= -0.004  0.003
  24 Z= 7211618.355 641434.307  F(Z)= 7211264.296 570753.962  D= -0.005  0.004
  25 Z= 7322976.775 636123.794  F(Z)= 7322731.367 568097.938  D= -0.005  0.005
  26 Z= 7434345.980 630771.335  F(Z)= 7434212.207 565420.863  D= -0.005  0.005
  27 Z= 7545725.627 625378.568  F(Z)= 7545706.379 562723.558  D= -0.006  0.006
  28 Z= 7657115.360 619947.147  F(Z)= 7657213.428 560006.853  D= -0.006  0.005
  29 Z= 7768514.811 614478.737  F(Z)= 7768732.882 557271.580  D= -0.005  0.005
  30 Z= 7879923.599 608975.017  F(Z)= 7880264.255 554518.583  D= -0.003  0.003
  31 Z= 7991341.333 603437.676  F(Z)= 7991807.049 551748.706  D= -0.003  0.003
  32 Z= 8102767.610 597868.416  F(Z)= 8103360.747 548962.805  D= -0.002  0.002
  33 Z= 8214202.015 592268.951  F(Z)= 8214924.820 546161.738  D= -0.000  0.001
  34 Z= 8325644.124 586641.002  F(Z)= 8326498.728 543346.368  D=  0.000  0.000
  35 Z= 4651497.564 665643.388  F(Z)= 4651079.044 541422.435  D= -0.001  0.001
  36 Z= 4762540.717 663023.670  F(Z)= 4762149.886 540767.593  D= -0.001  0.001
  37 Z= 4873601.195 660354.039  F(Z)= 4873240.276 540100.261  D= -0.002  0.001
  38 Z= 4984679.036 657635.294  F(Z)= 4984350.256 539420.638  D= -0.003  0.001
  39 Z= 5095774.257 654868.246  F(Z)= 5095479.845 538728.926  D= -0.005  0.002
  40 Z= 5206886.851 652053.723  F(Z)= 5206629.033 538025.331  D= -0.005  0.004
  41 Z= 5318016.793 649192.570  F(Z)= 5317797.794 537310.067  D= -0.007  0.004
  42 Z= 5429164.034 646285.645  F(Z)= 5428986.070 536583.345  D= -0.006  0.004
  43 Z= 5540328.507 643333.820  F(Z)= 5540193.786 535845.384  D= -0.006  0.004
  44 Z= 5651510.121 640337.984  F(Z)= 5651420.840 535096.406  D= -0.005  0.003
  45 Z= 5762708.766 637299.040  F(Z)= 5762667.106 534336.636  D= -0.004  0.002
  46 Z= 5873924.310 634217.903  F(Z)= 5873932.437 533566.301  D= -0.004  0.002
  47 Z= 5985156.601 631095.504  F(Z)= 5985216.660 532785.636  D= -0.003  0.001
  48 Z= 6096405.466 627932.786  F(Z)= 6096519.580 531994.875  D= -0.003  0.000
  49 Z= 6207670.711 624730.708  F(Z)= 6207840.978 531194.258  D= -0.002 -0.001
  50 Z= 6318952.124 621490.238  F(Z)= 6319180.614 530384.025  D= -0.001 -0.000
  51 Z= 6430249.471 618212.361  F(Z)= 6430538.225 529564.425  D= -0.001  0.000
  52 Z= 6541562.499 614898.072  F(Z)= 6541913.525 528735.705  D= -0.001  0.001
  53 Z= 6652890.935 611548.379  F(Z)= 6653306.206 527898.118  D= -0.000 -0.000
  54 Z= 6764234.490 608164.300  F(Z)= 6764715.941 527051.917  D= -0.001  0.002
  55 Z= 6875592.852 604746.868  F(Z)= 6876142.379 526197.362  D= -0.001  0.002
  56 Z= 6986965.695 601297.125  F(Z)= 6987585.152 525334.713  D= -0.003  0.003
  57 Z= 7098352.670 597816.125  F(Z)= 7099043.864 524464.234  D= -0.002  0.003
  58 Z= 7209753.416 594304.931  F(Z)= 7210518.110 523586.190  D= -0.004  0.005
  59 Z= 7321167.552 590764.618  F(Z)= 7322007.459 522700.851  D= -0.005  0.005
  60 Z= 7432594.679 587196.271  F(Z)= 7433511.461 521808.489  D= -0.005  0.005
  61 Z= 7544034.385 583600.983  F(Z)= 7545029.651 520909.376  D= -0.005  0.006
  62 Z= 7655486.242 579979.857  F(Z)= 7656561.545 520003.790  D= -0.005  0.005
  63 Z= 7766949.804 576334.006  F(Z)= 7768106.641 519092.009  D= -0.004  0.004
  64 Z= 7878424.614 572664.551  F(Z)= 7879664.424 518174.313  D= -0.004  0.003
  65 Z= 7989910.198 568972.619  F(Z)= 7991234.358 517250.984  D= -0.003  0.003
  66 Z= 8101406.072 565259.348  F(Z)= 8102815.898 516322.308  D= -0.002  0.002
  67 Z= 8212911.736 561525.882  F(Z)= 8214408.479 515388.571  D= -0.001 -0.000
  68 Z= 8324426.678 557773.371  F(Z)= 8326011.526 514450.060  D=  0.000  0.000
  69 Z= 4650046.312 582820.352  F(Z)= 4651079.044 458577.564  D= -0.001  0.000
  70 Z= 4761084.959 581510.947  F(Z)= 4762149.886 459232.405  D= -0.001  0.001
  71 Z= 4872142.705 580176.574  F(Z)= 4873240.276 459899.736  D= -0.002  0.002
  72 Z= 4983219.590 578817.629  F(Z)= 4984350.256 460579.357  D= -0.003  0.004
  73 Z= 5094315.633 577434.518  F(Z)= 5095479.844 461271.068  D= -0.004  0.004
  74 Z= 5205430.827 576027.655  F(Z)= 5206629.033 461974.661  D= -0.005  0.004
  75 Z= 5316565.142 574597.460  F(Z)= 5317797.793 462689.925  D= -0.006  0.004
  76 Z= 5427718.527 573144.361  F(Z)= 5428986.070 463416.647  D= -0.006  0.004
  77 Z= 5538890.905 571668.795  F(Z)= 5540193.786 464154.608  D= -0.006  0.004
  78 Z= 5650082.178 570171.205  F(Z)= 5651420.841 464903.588  D= -0.006  0.003
  79 Z= 5761292.222 568652.042  F(Z)= 5762667.107 465663.360  D= -0.005  0.002
  80 Z= 5872520.892 567111.762  F(Z)= 5873932.437 466433.695  D= -0.004  0.002
  81 Z= 5983768.021 565550.831  F(Z)= 5985216.660 467214.362  D= -0.003  0.001
  82 Z= 6095033.418 563969.721  F(Z)= 6096519.579 468005.125  D= -0.002  0.000
  83 Z= 6206316.870 562368.908  F(Z)= 6207840.978 468805.743  D= -0.002  0.000
  84 Z= 6317618.140 560748.879  F(Z)= 6319180.614 469615.975  D= -0.001  0.000
  85 Z= 6428936.973 559110.124  F(Z)= 6430538.225 470435.575  D= -0.001  0.000
  86 Z= 6540273.088 557453.142  F(Z)= 6541913.524 471264.294  D= -0.000 -0.000
  87 Z= 6651626.186 555778.435  F(Z)= 6653306.206 472101.881  D=  0.000  0.001
  88 Z= 6762995.946 554086.514  F(Z)= 6764715.941 472948.080  D= -0.001  0.001
  89 Z= 6874382.026 552377.894  F(Z)= 6876142.379 473802.633  D= -0.001  0.003
  90 Z= 6985784.064 550653.097  F(Z)= 6987585.150 474665.281  D= -0.001  0.003
  91 Z= 7097201.679 548912.648  F(Z)= 7099043.865 475535.758  D= -0.003  0.005
  92 Z= 7208634.469 547157.082  F(Z)= 7210518.110 476413.801  D= -0.004  0.004
  93 Z= 7320082.016 545386.935  F(Z)= 7322007.459 477299.139  D= -0.005  0.005
  94 Z= 7431543.881 543602.749  F(Z)= 7433511.461 478191.501  D= -0.005  0.005
  95 Z= 7543019.608 541805.072  F(Z)= 7545029.651 479090.613  D= -0.005  0.005
  96 Z= 7654508.726 539994.456  F(Z)= 7656561.545 479996.200  D= -0.005  0.005
  97 Z= 7766010.743 538171.457  F(Z)= 7768106.641 480907.983  D= -0.004  0.004
  98 Z= 7877525.156 536336.637  F(Z)= 7879664.424 481825.681  D= -0.004  0.003
  99 Z= 7989051.443 534490.560  F(Z)= 7991234.359 482749.012  D= -0.004  0.001
 100 Z= 8100589.068 532633.795  F(Z)= 8102815.897 483677.690  D= -0.001  0.000
 101 Z= 8212137.483 530766.915  F(Z)= 8214408.479 484611.428  D= -0.001  0.001
 102 Z= 8323696.122 528890.497  F(Z)= 8326011.526 485549.940  D=  0.000 -0.000
 103 Z= 4649562.676 500000.000  F(Z)= 4652046.692 375731.349  D=  0.000  0.000
 104 Z= 4760599.816 500000.000  F(Z)= 4763120.544 377696.328  D=  0.000  0.001
 105 Z= 4871656.646 500000.000  F(Z)= 4874212.762 379698.763  D= -0.000  0.003
 106 Z= 4982733.208 500000.000  F(Z)= 4985323.387 381738.059  D= -0.002  0.004
 107 Z= 5093829.519 500000.000  F(Z)= 5096452.433 383813.605  D= -0.003  0.005
 108 Z= 5204945.574 500000.000  F(Z)= 5207599.896 385924.782  D= -0.005  0.005
 109 Z= 5316081.342 500000.000  F(Z)= 5318765.746 388070.957  D= -0.006  0.005
 110 Z= 5427236.769 500000.000  F(Z)= 5429949.933 390251.487  D= -0.006  0.004
 111 Z= 5538411.777 500000.000  F(Z)= 5541152.385 392465.718  D= -0.007  0.003
 112 Z= 5649606.263 500000.000  F(Z)= 5652373.005 394712.983  D= -0.006  0.002
 113 Z= 5760820.102 500000.000  F(Z)= 5763611.678 396992.606  D= -0.007  0.002
 114 Z= 5872053.142 500000.000  F(Z)= 5874868.260 399303.900  D= -0.004  0.001
 115 Z= 5983305.212 500000.000  F(Z)= 5986142.595 401646.168  D= -0.004 -0.000
 116 Z= 6094576.115 500000.000  F(Z)= 6097434.496 404018.702  D= -0.003 -0.001
 117 Z= 6205865.629 500000.000  F(Z)= 6208743.759 406420.783  D= -0.001 -0.001
 118 Z= 6317173.514 500000.000  F(Z)= 6320070.159 408851.684  D= -0.001 -0.000
 119 Z= 6428499.504 500000.000  F(Z)= 6431413.447 411310.669  D= -0.000 -0.001
 120 Z= 6539843.311 500000.000  F(Z)= 6542773.357 413796.989  D=  0.000 -0.000
 121 Z= 6651204.625 500000.000  F(Z)= 6654149.598 416309.890  D= -0.000  0.001
 122 Z= 6762583.116 500000.000  F(Z)= 6765541.863 418848.607  D= -0.001  0.001
 123 Z= 6873978.431 500000.000  F(Z)= 6876949.822 421412.365  D= -0.001  0.002
 124 Z= 6985390.197 500000.000  F(Z)= 6988373.128 424000.383  D= -0.001  0.003
 125 Z= 7096818.021 500000.000  F(Z)= 7099811.414 426611.870  D= -0.002  0.005
 126 Z= 7208261.490 500000.000  F(Z)= 7211264.295 429246.029  D= -0.004  0.005
 127 Z= 7319720.171 500000.000  F(Z)= 7322731.367 431902.052  D= -0.005  0.005
 128 Z= 7431193.612 500000.000  F(Z)= 7434212.207 434579.126  D= -0.005  0.006
 129 Z= 7542681.344 500000.000  F(Z)= 7545706.379 437276.431  D= -0.006  0.005
 130 Z= 7654182.879 500000.000  F(Z)= 7657213.427 439993.137  D= -0.005  0.005
 131 Z= 7765697.714 500000.000  F(Z)= 7768732.883 442728.411  D= -0.006  0.004
 132 Z= 7877225.326 500000.000  F(Z)= 7880264.257 445481.411  D= -0.005  0.003
 133 Z= 7988765.179 500000.000  F(Z)= 7991807.050 448251.289  D= -0.004  0.002
 134 Z= 8100316.720 500000.000  F(Z)= 8103360.747 451037.192  D= -0.002  0.001
 135 Z= 8211879.384 500000.000  F(Z)= 8214924.821 453838.261  D= -0.001 -0.000
 136 Z= 8323452.589 500000.000  F(Z)= 8326498.728 456653.632  D=  0.000  0.000
