===============================================================================
* TRANSFORM:      MTMw           TO             UTMw              (grid-calc) *
_______________________________________________________________________________
            Y          X         -=>      Y          X             DY     DX
------------------------------  NAD27 -----------------------------------------
   1 Z= 4652046.692 624268.651  F(Z)= 4649562.676 500000.000  D=  0.000  0.000
   2 Z= 4763120.544 622303.671  F(Z)= 4760599.818 500000.001  D= -0.002 -0.001
   3 Z= 4874212.762 620301.234  F(Z)= 4871656.650 500000.000  D= -0.004 -0.000
   4 Z= 4985323.385 618261.937  F(Z)= 4982733.213 499999.999  D= -0.005  0.001
   5 Z= 5096452.430 616186.390  F(Z)= 5093829.526 499999.998  D= -0.007  0.002
   6 Z= 5207599.891 614075.213  F(Z)= 5204945.581 499999.997  D= -0.007  0.003
   7 Z= 5318765.740 611929.038  F(Z)= 5316081.349 499999.997  D= -0.007  0.003
   8 Z= 5429949.927 609748.509  F(Z)= 5427236.776 499999.997  D= -0.007  0.003
   9 Z= 5541152.378 607534.279  F(Z)= 5538411.783 499999.997  D= -0.006  0.003
  10 Z= 5652372.999 605287.015  F(Z)= 5649606.269 499999.997  D= -0.006  0.003
  11 Z= 5763611.671 603007.392  F(Z)= 5760820.105 499999.997  D= -0.003  0.003
  12 Z= 5874868.256 600696.099  F(Z)= 5872053.145 499999.998  D= -0.003  0.002
  13 Z= 5986142.591 598353.832  F(Z)= 5983305.214 499999.999  D= -0.002  0.001
  14 Z= 6097434.493 595981.299  F(Z)= 6094576.115 499999.999  D= -0.000  0.001
  15 Z= 6208743.758 593579.218  F(Z)= 6205865.630 500000.000  D= -0.001  0.000
  16 Z= 6320070.158 591148.316  F(Z)= 6317173.514 500000.000  D= -0.000  0.000
  17 Z= 6431413.447 588689.332  F(Z)= 6428499.504 500000.000  D=  0.000 -0.000
  18 Z= 6542773.357 586203.011  F(Z)= 6539843.311 500000.001  D= -0.000 -0.001
  19 Z= 6654149.598 583690.109  F(Z)= 6651204.626 500000.000  D= -0.001  0.000
  20 Z= 6765541.862 581151.392  F(Z)= 6762583.117 500000.000  D= -0.001  0.000
  21 Z= 6876949.821 578587.633  F(Z)= 6873978.433 499999.999  D= -0.002  0.001
  22 Z= 6988373.127 575999.614  F(Z)= 6985390.201 499999.999  D= -0.004  0.001
  23 Z= 7099811.412 573388.125  F(Z)= 7096818.026 499999.997  D= -0.005  0.003
  24 Z= 7211264.291 570753.966  F(Z)= 7208261.495 499999.996  D= -0.005  0.004
  25 Z= 7322731.362 568097.943  F(Z)= 7319720.177 499999.996  D= -0.006  0.004
  26 Z= 7434212.202 565420.868  F(Z)= 7431193.619 499999.995  D= -0.007  0.005
  27 Z= 7545706.373 562723.564  F(Z)= 7542681.350 499999.996  D= -0.006  0.004
  28 Z= 7657213.422 560006.858  F(Z)= 7654182.886 499999.996  D= -0.007  0.004
  29 Z= 7768732.877 557271.585  F(Z)= 7765697.719 499999.996  D= -0.005  0.004
  30 Z= 7880264.252 554518.586  F(Z)= 7877225.330 499999.996  D= -0.004  0.004
  31 Z= 7991807.046 551748.709  F(Z)= 7988765.181 499999.997  D= -0.002  0.003
  32 Z= 8103360.745 548962.807  F(Z)= 8100316.721 499999.998  D= -0.001  0.002
  33 Z= 8214924.820 546161.739  F(Z)= 8211879.384 500000.000  D= -0.000  0.000
  34 Z= 8326498.728 543346.368  F(Z)= 8323452.589 500000.000  D=  0.000  0.000
  35 Z= 4651079.043 541422.436  F(Z)= 4650046.312 417179.648  D= -0.000  0.000
  36 Z= 4762149.885 540767.594  F(Z)= 4761084.961 418489.052  D= -0.002  0.001
  37 Z= 4873240.274 540100.262  F(Z)= 4872142.708 419823.425  D= -0.003  0.001
  38 Z= 4984350.253 539420.639  F(Z)= 4983219.594 421182.369  D= -0.004  0.002
  39 Z= 5095479.840 538728.928  F(Z)= 5094315.639 422565.479  D= -0.006  0.003
  40 Z= 5206629.028 538025.335  F(Z)= 5205430.833 423972.342  D= -0.006  0.003
  41 Z= 5317797.787 537310.071  F(Z)= 5316565.149 425402.537  D= -0.007  0.003
  42 Z= 5428986.064 536583.349  F(Z)= 5427718.534 426855.636  D= -0.007  0.003
  43 Z= 5540193.780 535845.388  F(Z)= 5538890.911 428331.202  D= -0.006  0.003
  44 Z= 5651420.835 535096.409  F(Z)= 5650082.184 429828.792  D= -0.006  0.003
  45 Z= 5762667.102 534336.638  F(Z)= 5761292.226 431347.956  D= -0.004  0.002
  46 Z= 5873932.433 533566.303  F(Z)= 5872520.895 432888.236  D= -0.003  0.002
  47 Z= 5985216.657 532785.637  F(Z)= 5983768.024 434449.168  D= -0.003  0.001
  48 Z= 6096519.577 531994.875  F(Z)= 6095033.419 436030.279  D= -0.001  0.000
  49 Z= 6207840.976 531194.257  F(Z)= 6206316.870 437631.091  D=  0.000  0.001
  50 Z= 6319180.613 530384.025  F(Z)= 6317618.140 439251.121  D= -0.000  0.000
  51 Z= 6430538.224 529564.425  F(Z)= 6428936.972 440889.875  D=  0.001  0.001
  52 Z= 6541913.524 528735.706  F(Z)= 6540273.088 442546.858  D=  0.000 -0.000
  53 Z= 6653306.206 527898.118  F(Z)= 6651626.187 444221.564  D= -0.001  0.001
  54 Z= 6764715.940 527051.919  F(Z)= 6762995.947 445913.485  D= -0.001  0.001
  55 Z= 6876142.378 526197.364  F(Z)= 6874382.028 447622.104  D= -0.002  0.002
  56 Z= 6987585.149 525334.716  F(Z)= 6985784.068 449346.901  D= -0.004  0.002
  57 Z= 7099043.862 524464.237  F(Z)= 7097201.684 451087.348  D= -0.005  0.004
  58 Z= 7210518.106 523586.195  F(Z)= 7208634.474 452842.915  D= -0.005  0.003
  59 Z= 7322007.454 522700.856  F(Z)= 7320082.022 454613.061  D= -0.006  0.004
  60 Z= 7433511.456 521808.494  F(Z)= 7431543.888 456397.247  D= -0.007  0.004
  61 Z= 7545029.646 520909.382  F(Z)= 7543019.615 458194.924  D= -0.007  0.004
  62 Z= 7656561.540 520003.795  F(Z)= 7654508.732 460005.540  D= -0.006  0.004
  63 Z= 7768106.637 519092.013  F(Z)= 7766010.749 461828.539  D= -0.006  0.004
  64 Z= 7879664.420 518174.316  F(Z)= 7877525.161 463663.360  D= -0.005  0.003
  65 Z= 7991234.355 517250.987  F(Z)= 7989051.445 465509.439  D= -0.002  0.001
  66 Z= 8102815.896 516322.310  F(Z)= 8100589.070 467366.204  D= -0.002  0.001
  67 Z= 8214408.478 515388.571  F(Z)= 8212137.483 469233.084  D=  0.000  0.001
  68 Z= 8326011.526 514450.060  F(Z)= 8323696.123 471109.503  D= -0.001 -0.000
  69 Z= 4651079.043 458577.564  F(Z)= 4651497.564 334356.611  D= -0.000  0.001
  70 Z= 4762149.885 459232.406  F(Z)= 4762540.718 336976.329  D= -0.001  0.001
  71 Z= 4873240.274 459899.738  F(Z)= 4873601.197 339645.959  D= -0.002  0.002
  72 Z= 4984350.253 460579.361  F(Z)= 4984679.040 342364.704  D= -0.004  0.002
  73 Z= 5095479.840 461271.072  F(Z)= 5095774.262 345131.752  D= -0.005  0.002
  74 Z= 5206629.028 461974.665  F(Z)= 5206886.857 347946.274  D= -0.006  0.003
  75 Z= 5317797.787 462689.929  F(Z)= 5318016.799 350807.426  D= -0.006  0.004
  76 Z= 5428986.064 463416.651  F(Z)= 5429164.041 353714.352  D= -0.007  0.003
  77 Z= 5540193.780 464154.612  F(Z)= 5540328.514 356666.177  D= -0.007  0.003
  78 Z= 5651420.835 464903.591  F(Z)= 5651510.128 359662.014  D= -0.007  0.002
  79 Z= 5762667.102 465663.362  F(Z)= 5762708.771 362700.959  D= -0.005  0.001
  80 Z= 5873932.433 466433.697  F(Z)= 5873924.314 365782.097  D= -0.004  0.000
  81 Z= 5985216.657 467214.363  F(Z)= 5985156.604 368904.496  D= -0.003 -0.000
  82 Z= 6096519.577 468005.125  F(Z)= 6096405.467 372067.214  D= -0.001 -0.000
  83 Z= 6207840.976 468805.743  F(Z)= 6207670.711 375269.293  D= -0.000 -0.001
  84 Z= 6319180.613 469615.975  F(Z)= 6318952.124 378509.762  D=  0.000 -0.000
  85 Z= 6430538.224 470435.575  F(Z)= 6430249.470 381787.639  D=  0.001 -0.000
  86 Z= 6541913.524 471264.294  F(Z)= 6541562.498 385101.927  D=  0.001  0.001
  87 Z= 6653306.206 472101.882  F(Z)= 6652890.936 388451.621  D= -0.001 -0.000
  88 Z= 6764715.940 472948.081  F(Z)= 6764234.491 391835.698  D= -0.001  0.002
  89 Z= 6876142.378 473802.636  F(Z)= 6875592.854 395253.130  D= -0.002  0.002
  90 Z= 6987585.149 474665.284  F(Z)= 6986965.698 398702.872  D= -0.003  0.003
  91 Z= 7099043.862 475535.763  F(Z)= 7098352.675 402183.872  D= -0.005  0.003
  92 Z= 7210518.106 476413.805  F(Z)= 7209753.421 405695.064  D= -0.005  0.005
  93 Z= 7322007.454 477299.144  F(Z)= 7321167.558 409235.377  D= -0.006  0.005
  94 Z= 7433511.456 478191.506  F(Z)= 7432594.686 412803.725  D= -0.007  0.004
  95 Z= 7545029.646 479090.618  F(Z)= 7544034.393 416399.012  D= -0.008  0.005
  96 Z= 7656561.540 479996.205  F(Z)= 7655486.249 420020.139  D= -0.007  0.004
  97 Z= 7768106.637 480907.987  F(Z)= 7766949.810 423665.991  D= -0.006  0.003
  98 Z= 7879664.420 481825.684  F(Z)= 7878424.619 427335.447  D= -0.005  0.002
  99 Z= 7991234.355 482749.013  F(Z)= 7989910.201 431027.379  D= -0.003  0.002
 100 Z= 8102815.896 483677.690  F(Z)= 8101406.074 434740.651  D= -0.002  0.001
 101 Z= 8214408.478 484611.429  F(Z)= 8212911.736 438474.118  D=  0.000 -0.000
 102 Z= 8326011.526 485549.940  F(Z)= 8324426.679 442226.629  D= -0.001  0.000
 103 Z= 4652046.692 375731.349  F(Z)= 4653917.463 251528.228  D=  0.000  0.000
 104 Z= 4763120.544 377696.329  F(Z)= 4764968.077 255460.077  D= -0.001  0.002
 105 Z= 4874212.762 379698.766  F(Z)= 4876033.061 259466.731  D= -0.002  0.003
 106 Z= 4985323.385 381738.063  F(Z)= 4987112.446 263546.990  D= -0.004  0.003
 107 Z= 5096452.430 383813.610  F(Z)= 5098206.244 267699.629  D= -0.005  0.003
 108 Z= 5207599.891 385924.787  F(Z)= 5209314.453 271923.401  D= -0.006  0.003
 109 Z= 5318765.740 388070.962  F(Z)= 5320437.051 276217.038  D= -0.007  0.003
 110 Z= 5429949.927 390251.491  F(Z)= 5431574.000 280579.247  D= -0.008  0.003
 111 Z= 5541152.378 392465.721  F(Z)= 5542725.241 285008.717  D= -0.007  0.001
 112 Z= 5652372.999 394712.985  F(Z)= 5653890.703 289504.109  D= -0.006  0.001
 113 Z= 5763611.671 396992.608  F(Z)= 5765070.293 294064.070  D= -0.004  0.000
 114 Z= 5874868.256 399303.901  F(Z)= 5876263.905 298687.219  D= -0.004 -0.000
 115 Z= 5986142.591 401646.168  F(Z)= 5987471.411 303372.161  D= -0.003 -0.001
 116 Z= 6097434.493 404018.701  F(Z)= 6098692.668 308117.477  D= -0.001 -0.001
 117 Z= 6208743.758 406420.782  F(Z)= 6209927.518 312921.728  D= -0.000 -0.001
 118 Z= 6320070.158 408851.684  F(Z)= 6321175.784 317783.459  D=  0.000 -0.001
 119 Z= 6431413.447 411310.668  F(Z)= 6432437.273 322701.192  D=  0.000  0.000
 120 Z= 6542773.357 413796.989  F(Z)= 6543711.775 327673.434  D=  0.001  0.001
 121 Z= 6654149.598 416309.891  F(Z)= 6654999.066 332698.674  D=  0.000  0.000
 122 Z= 6765541.862 418848.608  F(Z)= 6766298.903 337775.379  D=  0.000  0.002
 123 Z= 6876949.821 421412.367  F(Z)= 6877611.031 342902.005  D= -0.002  0.003
 124 Z= 6988373.127 424000.386  F(Z)= 6988935.177 348076.987  D= -0.003  0.004
 125 Z= 7099811.412 426611.875  F(Z)= 7100271.054 353298.747  D= -0.004  0.004
 126 Z= 7211264.291 429246.034  F(Z)= 7211618.360 358565.689  D= -0.005  0.004
 127 Z= 7322731.362 431902.057  F(Z)= 7322976.781 363876.201  D= -0.006  0.005
 128 Z= 7434212.202 434579.132  F(Z)= 7434345.987 369228.661  D= -0.007  0.004
 129 Z= 7545706.373 437276.436  F(Z)= 7545725.633 374621.427  D= -0.006  0.005
 130 Z= 7657213.422 439993.142  F(Z)= 7657115.366 380052.849  D= -0.006  0.004
 131 Z= 7768732.877 442728.415  F(Z)= 7768514.817 385521.260  D= -0.006  0.003
 132 Z= 7880264.252 445481.414  F(Z)= 7879923.604 391024.982  D= -0.005  0.001
 133 Z= 7991807.046 448251.291  F(Z)= 7991341.336 396562.323  D= -0.003  0.001
 134 Z= 8103360.745 451037.193  F(Z)= 8102767.612 402131.583  D= -0.002  0.001
 135 Z= 8214924.820 453838.261  F(Z)= 8214202.016 407731.049  D= -0.001  0.000
 136 Z= 8326498.728 456653.632  F(Z)= 8325644.124 413358.998  D=  0.000  0.000
