================================================================================
*                   *      MTMw DATA      *        (  TRANSFORMED FROM  UTMw   )
________________________________________________________________________________
                         Y          X        <=--           Y          X
------------------------------------------- NAD 27 -----------------------------
Id:     1          = 4652046.692 624268.651        ( Z= 4649562.676 500000.000 )
Id:     2          = 4763120.544 622303.672        ( Z= 4760599.816 500000.000 )
Id:     3          = 4874212.762 620301.237        ( Z= 4871656.646 500000.000 )
Id:     4          = 4985323.387 618261.941        ( Z= 4982733.208 500000.000 )
Id:     5          = 5096452.433 616186.395        ( Z= 5093829.519 500000.000 )
Id:     6          = 5207599.896 614075.218        ( Z= 5204945.574 500000.000 )
Id:     7          = 5318765.746 611929.043        ( Z= 5316081.342 500000.000 )
Id:     8          = 5429949.933 609748.513        ( Z= 5427236.769 500000.000 )
Id:     9          = 5541152.385 607534.282        ( Z= 5538411.777 500000.000 )
Id:     10         = 5652373.005 605287.017        ( Z= 5649606.263 500000.000 )
Id:     11         = 5763611.678 603007.394        ( Z= 5760820.102 500000.000 )
Id:     12         = 5874868.260 600696.100        ( Z= 5872053.142 500000.000 )
Id:     13         = 5986142.595 598353.832        ( Z= 5983305.212 500000.000 )
Id:     14         = 6097434.496 595981.298        ( Z= 6094576.115 500000.000 )
Id:     15         = 6208743.759 593579.217        ( Z= 6205865.629 500000.000 )
Id:     16         = 6320070.159 591148.316        ( Z= 6317173.514 500000.000 )
Id:     17         = 6431413.447 588689.331        ( Z= 6428499.504 500000.000 )
Id:     18         = 6542773.357 586203.011        ( Z= 6539843.311 500000.000 )
Id:     19         = 6654149.598 583690.110        ( Z= 6651204.625 500000.000 )
Id:     20         = 6765541.863 581151.393        ( Z= 6762583.116 500000.000 )
Id:     21         = 6876949.822 578587.635        ( Z= 6873978.431 500000.000 )
Id:     22         = 6988373.128 575999.617        ( Z= 6985390.197 500000.000 )
Id:     23         = 7099811.414 573388.130        ( Z= 7096818.021 500000.000 )
Id:     24         = 7211264.295 570753.971        ( Z= 7208261.490 500000.000 )
Id:     25         = 7322731.367 568097.948        ( Z= 7319720.171 500000.000 )
Id:     26         = 7434212.207 565420.874        ( Z= 7431193.612 500000.000 )
Id:     27         = 7545706.379 562723.569        ( Z= 7542681.344 500000.000 )
Id:     28         = 7657213.427 560006.863        ( Z= 7654182.879 500000.000 )
Id:     29         = 7768732.883 557271.589        ( Z= 7765697.714 500000.000 )
Id:     30         = 7880264.257 554518.589        ( Z= 7877225.326 500000.000 )
Id:     31         = 7991807.050 551748.711        ( Z= 7988765.179 500000.000 )
Id:     32         = 8103360.747 548962.808        ( Z= 8100316.720 500000.000 )
Id:     33         = 8214924.821 546161.739        ( Z= 8211879.384 500000.000 )
Id:     34         = 8326498.728 543346.368        ( Z= 8323452.589 500000.000 )
Id:     35         = 4651079.044 541422.436        ( Z= 4650046.312 417179.648 )
Id:     36         = 4762149.886 540767.595        ( Z= 4761084.959 418489.053 )
Id:     37         = 4873240.276 540100.264        ( Z= 4872142.705 419823.426 )
Id:     38         = 4984350.256 539420.643        ( Z= 4983219.590 421182.371 )
Id:     39         = 5095479.844 538728.932        ( Z= 5094315.633 422565.482 )
Id:     40         = 5206629.033 538025.339        ( Z= 5205430.827 423972.345 )
Id:     41         = 5317797.793 537310.075        ( Z= 5316565.142 425402.540 )
Id:     42         = 5428986.070 536583.353        ( Z= 5427718.527 426855.639 )
Id:     43         = 5540193.786 535845.392        ( Z= 5538890.905 428331.205 )
Id:     44         = 5651420.841 535096.412        ( Z= 5650082.178 429828.795 )
Id:     45         = 5762667.107 534336.640        ( Z= 5761292.222 431347.958 )
Id:     46         = 5873932.437 533566.305        ( Z= 5872520.892 432888.238 )
Id:     47         = 5985216.660 532785.638        ( Z= 5983768.021 434449.169 )
Id:     48         = 6096519.579 531994.875        ( Z= 6095033.418 436030.279 )
Id:     49         = 6207840.978 531194.257        ( Z= 6206316.870 437631.092 )
Id:     50         = 6319180.614 530384.025        ( Z= 6317618.140 439251.121 )
Id:     51         = 6430538.225 529564.425        ( Z= 6428936.973 440889.876 )
Id:     52         = 6541913.524 528735.706        ( Z= 6540273.088 442546.858 )
Id:     53         = 6653306.206 527898.119        ( Z= 6651626.186 444221.565 )
Id:     54         = 6764715.941 527051.920        ( Z= 6762995.946 445913.486 )
Id:     55         = 6876142.379 526197.367        ( Z= 6874382.026 447622.106 )
Id:     56         = 6987585.150 525334.719        ( Z= 6985784.064 449346.903 )
Id:     57         = 7099043.865 524464.242        ( Z= 7097201.679 451087.352 )
Id:     58         = 7210518.110 523586.199        ( Z= 7208634.469 452842.918 )
Id:     59         = 7322007.459 522700.861        ( Z= 7320082.016 454613.065 )
Id:     60         = 7433511.461 521808.499        ( Z= 7431543.881 456397.251 )
Id:     61         = 7545029.651 520909.387        ( Z= 7543019.608 458194.928 )
Id:     62         = 7656561.545 520003.800        ( Z= 7654508.726 460005.544 )
Id:     63         = 7768106.641 519092.017        ( Z= 7766010.743 461828.543 )
Id:     64         = 7879664.424 518174.319        ( Z= 7877525.156 463663.363 )
Id:     65         = 7991234.359 517250.988        ( Z= 7989051.443 465509.440 )
Id:     66         = 8102815.897 516322.310        ( Z= 8100589.068 467366.205 )
Id:     67         = 8214408.479 515388.572        ( Z= 8212137.483 469233.085 )
Id:     68         = 8326011.526 514450.060        ( Z= 8323696.122 471109.503 )
Id:     69         = 4651079.044 458577.565        ( Z= 4651497.564 334356.612 )
Id:     70         = 4762149.886 459232.407        ( Z= 4762540.717 336976.330 )
Id:     71         = 4873240.276 459899.739        ( Z= 4873601.195 339645.961 )
Id:     72         = 4984350.256 460579.362        ( Z= 4984679.036 342364.706 )
Id:     73         = 5095479.845 461271.074        ( Z= 5095774.257 345131.754 )
Id:     74         = 5206629.033 461974.669        ( Z= 5206886.851 347946.277 )
Id:     75         = 5317797.794 462689.933        ( Z= 5318016.793 350807.430 )
Id:     76         = 5428986.070 463416.655        ( Z= 5429164.034 353714.355 )
Id:     77         = 5540193.786 464154.616        ( Z= 5540328.507 356666.180 )
Id:     78         = 5651420.840 464903.594        ( Z= 5651510.121 359662.016 )
Id:     79         = 5762667.106 465663.364        ( Z= 5762708.766 362700.960 )
Id:     80         = 5873932.437 466433.699        ( Z= 5873924.310 365782.097 )
Id:     81         = 5985216.660 467214.364        ( Z= 5985156.601 368904.496 )
Id:     82         = 6096519.580 468005.125        ( Z= 6096405.466 372067.214 )
Id:     83         = 6207840.978 468805.742        ( Z= 6207670.711 375269.292 )
Id:     84         = 6319180.614 469615.975        ( Z= 6318952.124 378509.762 )
Id:     85         = 6430538.225 470435.575        ( Z= 6430249.471 381787.639 )
Id:     86         = 6541913.525 471264.295        ( Z= 6541562.499 385101.928 )
Id:     87         = 6653306.206 472101.882        ( Z= 6652890.935 388451.621 )
Id:     88         = 6764715.941 472948.083        ( Z= 6764234.490 391835.700 )
Id:     89         = 6876142.379 473802.638        ( Z= 6875592.852 395253.132 )
Id:     90         = 6987585.152 474665.287        ( Z= 6986965.695 398702.875 )
Id:     91         = 7099043.864 475535.766        ( Z= 7098352.670 402183.875 )
Id:     92         = 7210518.110 476413.810        ( Z= 7209753.416 405695.069 )
Id:     93         = 7322007.459 477299.149        ( Z= 7321167.552 409235.382 )
Id:     94         = 7433511.461 478191.511        ( Z= 7432594.679 412803.729 )
Id:     95         = 7545029.651 479090.624        ( Z= 7544034.385 416399.017 )
Id:     96         = 7656561.545 479996.210        ( Z= 7655486.242 420020.143 )
Id:     97         = 7768106.641 480907.991        ( Z= 7766949.804 423665.994 )
Id:     98         = 7879664.424 481825.687        ( Z= 7878424.614 427335.449 )
Id:     99         = 7991234.358 482749.016        ( Z= 7989910.198 431027.381 )
Id:     100        = 8102815.898 483677.692        ( Z= 8101406.072 434740.652 )
Id:     101        = 8214408.479 484611.429        ( Z= 8212911.736 438474.118 )
Id:     102        = 8326011.526 485549.940        ( Z= 8324426.678 442226.629 )
Id:     103        = 4652046.692 375731.349        ( Z= 4653917.463 251528.228 )
Id:     104        = 4763120.545 377696.329        ( Z= 4764968.076 255460.079 )
Id:     105        = 4874212.765 379698.766        ( Z= 4876033.059 259466.734 )
Id:     106        = 4985323.389 381738.063        ( Z= 4987112.442 263546.993 )
Id:     107        = 5096452.435 383813.612        ( Z= 5098206.239 267699.632 )
Id:     108        = 5207599.897 385924.789        ( Z= 5209314.447 271923.404 )
Id:     109        = 5318765.746 388070.965        ( Z= 5320437.044 276217.041 )
Id:     110        = 5429949.933 390251.495        ( Z= 5431573.992 280579.250 )
Id:     111        = 5541152.384 392465.724        ( Z= 5542725.234 285008.718 )
Id:     112        = 5652373.004 394712.988        ( Z= 5653890.697 289504.110 )
Id:     113        = 5763611.676 396992.611        ( Z= 5765070.289 294064.070 )
Id:     114        = 5874868.260 399303.903        ( Z= 5876263.901 298687.219 )
Id:     115        = 5986142.594 401646.169        ( Z= 5987471.408 303372.160 )
Id:     116        = 6097434.495 404018.702        ( Z= 6098692.667 308117.476 )
Id:     117        = 6208743.759 406420.782        ( Z= 6209927.518 312921.727 )
Id:     118        = 6320070.159 408851.684        ( Z= 6321175.784 317783.458 )
Id:     119        = 6431413.447 411310.668        ( Z= 6432437.273 322701.192 )
Id:     120        = 6542773.358 413796.990        ( Z= 6543711.776 327673.435 )
Id:     121        = 6654149.599 416309.891        ( Z= 6654999.066 332698.674 )
Id:     122        = 6765541.864 418848.609        ( Z= 6766298.903 337775.381 )
Id:     123        = 6876949.823 421412.369        ( Z= 6877611.029 342902.008 )
Id:     124        = 6988373.130 424000.389        ( Z= 6988935.174 348076.991 )
Id:     125        = 7099811.416 426611.878        ( Z= 7100271.050 353298.751 )
Id:     126        = 7211264.296 429246.038        ( Z= 7211618.355 358565.693 )
Id:     127        = 7322731.367 431902.062        ( Z= 7322976.775 363876.206 )
Id:     128        = 7434212.207 434579.137        ( Z= 7434345.980 369228.665 )
Id:     129        = 7545706.379 437276.442        ( Z= 7545725.627 374621.432 )
Id:     130        = 7657213.428 439993.147        ( Z= 7657115.360 380052.853 )
Id:     131        = 7768732.882 442728.420        ( Z= 7768514.811 385521.263 )
Id:     132        = 7880264.255 445481.417        ( Z= 7879923.599 391024.983 )
Id:     133        = 7991807.049 448251.294        ( Z= 7991341.333 396562.324 )
Id:     134        = 8103360.747 451037.195        ( Z= 8102767.610 402131.584 )
Id:     135        = 8214924.820 453838.262        ( Z= 8214202.015 407731.049 )
Id:     136        = 8326498.728 456653.632        ( Z= 8325644.124 413358.998 )
