================================================================================
*                   *      MTMe DATA      *        (  TRANSFORMED FROM  UTMe   )
________________________________________________________________________________
                         Y          X        <=--           Y          X
------------------------------------------- NAD 27 -----------------------------
Id:     1          = 4652046.692 624268.651        ( Z= 4653917.463 748471.772 )
Id:     2          = 4763120.545 622303.671        ( Z= 4764968.076 744539.921 )
Id:     3          = 4874212.765 620301.234        ( Z= 4876033.059 740533.266 )
Id:     4          = 4985323.389 618261.937        ( Z= 4987112.442 736453.007 )
Id:     5          = 5096452.435 616186.388        ( Z= 5098206.239 732300.368 )
Id:     6          = 5207599.897 614075.211        ( Z= 5209314.447 728076.596 )
Id:     7          = 5318765.746 611929.035        ( Z= 5320437.044 723782.959 )
Id:     8          = 5429949.933 609748.505        ( Z= 5431573.992 719420.750 )
Id:     9          = 5541152.384 607534.276        ( Z= 5542725.234 714991.282 )
Id:     10         = 5652373.004 605287.012        ( Z= 5653890.697 710495.890 )
Id:     11         = 5763611.676 603007.389        ( Z= 5765070.289 705935.930 )
Id:     12         = 5874868.260 600696.097        ( Z= 5876263.901 701312.781 )
Id:     13         = 5986142.594 598353.831        ( Z= 5987471.408 696627.840 )
Id:     14         = 6097434.495 595981.298        ( Z= 6098692.667 691882.524 )
Id:     15         = 6208743.759 593579.218        ( Z= 6209927.518 687078.273 )
Id:     16         = 6320070.159 591148.316        ( Z= 6321175.784 682216.542 )
Id:     17         = 6431413.447 588689.332        ( Z= 6432437.273 677298.808 )
Id:     18         = 6542773.358 586203.010        ( Z= 6543711.776 672326.565 )
Id:     19         = 6654149.599 583690.109        ( Z= 6654999.066 667301.326 )
Id:     20         = 6765541.864 581151.391        ( Z= 6766298.903 662224.619 )
Id:     21         = 6876949.823 578587.631        ( Z= 6877611.029 657097.992 )
Id:     22         = 6988373.130 575999.611        ( Z= 6988935.174 651923.009 )
Id:     23         = 7099811.416 573388.122        ( Z= 7100271.050 646701.249 )
Id:     24         = 7211264.296 570753.962        ( Z= 7211618.355 641434.307 )
Id:     25         = 7322731.367 568097.938        ( Z= 7322976.775 636123.794 )
Id:     26         = 7434212.207 565420.863        ( Z= 7434345.980 630771.335 )
Id:     27         = 7545706.379 562723.558        ( Z= 7545725.627 625378.568 )
Id:     28         = 7657213.428 560006.853        ( Z= 7657115.360 619947.147 )
Id:     29         = 7768732.882 557271.580        ( Z= 7768514.811 614478.737 )
Id:     30         = 7880264.255 554518.583        ( Z= 7879923.599 608975.017 )
Id:     31         = 7991807.049 551748.706        ( Z= 7991341.333 603437.676 )
Id:     32         = 8103360.747 548962.805        ( Z= 8102767.610 597868.416 )
Id:     33         = 8214924.820 546161.738        ( Z= 8214202.015 592268.951 )
Id:     34         = 8326498.728 543346.368        ( Z= 8325644.124 586641.002 )
Id:     35         = 4651079.044 541422.435        ( Z= 4651497.564 665643.388 )
Id:     36         = 4762149.886 540767.593        ( Z= 4762540.717 663023.670 )
Id:     37         = 4873240.276 540100.261        ( Z= 4873601.195 660354.039 )
Id:     38         = 4984350.256 539420.638        ( Z= 4984679.036 657635.294 )
Id:     39         = 5095479.845 538728.926        ( Z= 5095774.257 654868.246 )
Id:     40         = 5206629.033 538025.331        ( Z= 5206886.851 652053.723 )
Id:     41         = 5317797.794 537310.067        ( Z= 5318016.793 649192.570 )
Id:     42         = 5428986.070 536583.345        ( Z= 5429164.034 646285.645 )
Id:     43         = 5540193.786 535845.384        ( Z= 5540328.507 643333.820 )
Id:     44         = 5651420.840 535096.406        ( Z= 5651510.121 640337.984 )
Id:     45         = 5762667.106 534336.636        ( Z= 5762708.766 637299.040 )
Id:     46         = 5873932.437 533566.301        ( Z= 5873924.310 634217.903 )
Id:     47         = 5985216.660 532785.636        ( Z= 5985156.601 631095.504 )
Id:     48         = 6096519.580 531994.875        ( Z= 6096405.466 627932.786 )
Id:     49         = 6207840.978 531194.258        ( Z= 6207670.711 624730.708 )
Id:     50         = 6319180.614 530384.025        ( Z= 6318952.124 621490.238 )
Id:     51         = 6430538.225 529564.425        ( Z= 6430249.471 618212.361 )
Id:     52         = 6541913.525 528735.705        ( Z= 6541562.499 614898.072 )
Id:     53         = 6653306.206 527898.118        ( Z= 6652890.935 611548.379 )
Id:     54         = 6764715.941 527051.917        ( Z= 6764234.490 608164.300 )
Id:     55         = 6876142.379 526197.362        ( Z= 6875592.852 604746.868 )
Id:     56         = 6987585.152 525334.713        ( Z= 6986965.695 601297.125 )
Id:     57         = 7099043.864 524464.234        ( Z= 7098352.670 597816.125 )
Id:     58         = 7210518.110 523586.190        ( Z= 7209753.416 594304.931 )
Id:     59         = 7322007.459 522700.851        ( Z= 7321167.552 590764.618 )
Id:     60         = 7433511.461 521808.489        ( Z= 7432594.679 587196.271 )
Id:     61         = 7545029.651 520909.376        ( Z= 7544034.385 583600.983 )
Id:     62         = 7656561.545 520003.790        ( Z= 7655486.242 579979.857 )
Id:     63         = 7768106.641 519092.009        ( Z= 7766949.804 576334.006 )
Id:     64         = 7879664.424 518174.313        ( Z= 7878424.614 572664.551 )
Id:     65         = 7991234.358 517250.984        ( Z= 7989910.198 568972.619 )
Id:     66         = 8102815.898 516322.308        ( Z= 8101406.072 565259.348 )
Id:     67         = 8214408.479 515388.571        ( Z= 8212911.736 561525.882 )
Id:     68         = 8326011.526 514450.060        ( Z= 8324426.678 557773.371 )
Id:     69         = 4651079.044 458577.564        ( Z= 4650046.312 582820.352 )
Id:     70         = 4762149.886 459232.405        ( Z= 4761084.959 581510.947 )
Id:     71         = 4873240.276 459899.736        ( Z= 4872142.705 580176.574 )
Id:     72         = 4984350.256 460579.357        ( Z= 4983219.590 578817.629 )
Id:     73         = 5095479.844 461271.068        ( Z= 5094315.633 577434.518 )
Id:     74         = 5206629.033 461974.661        ( Z= 5205430.827 576027.655 )
Id:     75         = 5317797.793 462689.925        ( Z= 5316565.142 574597.460 )
Id:     76         = 5428986.070 463416.647        ( Z= 5427718.527 573144.361 )
Id:     77         = 5540193.786 464154.608        ( Z= 5538890.905 571668.795 )
Id:     78         = 5651420.841 464903.588        ( Z= 5650082.178 570171.205 )
Id:     79         = 5762667.107 465663.360        ( Z= 5761292.222 568652.042 )
Id:     80         = 5873932.437 466433.695        ( Z= 5872520.892 567111.762 )
Id:     81         = 5985216.660 467214.362        ( Z= 5983768.021 565550.831 )
Id:     82         = 6096519.579 468005.125        ( Z= 6095033.418 563969.721 )
Id:     83         = 6207840.978 468805.743        ( Z= 6206316.870 562368.908 )
Id:     84         = 6319180.614 469615.975        ( Z= 6317618.140 560748.879 )
Id:     85         = 6430538.225 470435.575        ( Z= 6428936.973 559110.124 )
Id:     86         = 6541913.524 471264.294        ( Z= 6540273.088 557453.142 )
Id:     87         = 6653306.206 472101.881        ( Z= 6651626.186 555778.435 )
Id:     88         = 6764715.941 472948.080        ( Z= 6762995.946 554086.514 )
Id:     89         = 6876142.379 473802.633        ( Z= 6874382.026 552377.894 )
Id:     90         = 6987585.150 474665.281        ( Z= 6985784.064 550653.097 )
Id:     91         = 7099043.865 475535.758        ( Z= 7097201.679 548912.648 )
Id:     92         = 7210518.110 476413.801        ( Z= 7208634.469 547157.082 )
Id:     93         = 7322007.459 477299.139        ( Z= 7320082.016 545386.935 )
Id:     94         = 7433511.461 478191.501        ( Z= 7431543.881 543602.749 )
Id:     95         = 7545029.651 479090.613        ( Z= 7543019.608 541805.072 )
Id:     96         = 7656561.545 479996.200        ( Z= 7654508.726 539994.456 )
Id:     97         = 7768106.641 480907.983        ( Z= 7766010.743 538171.457 )
Id:     98         = 7879664.424 481825.681        ( Z= 7877525.156 536336.637 )
Id:     99         = 7991234.359 482749.012        ( Z= 7989051.443 534490.560 )
Id:     100        = 8102815.897 483677.690        ( Z= 8100589.068 532633.795 )
Id:     101        = 8214408.479 484611.428        ( Z= 8212137.483 530766.915 )
Id:     102        = 8326011.526 485549.940        ( Z= 8323696.122 528890.497 )
Id:     103        = 4652046.692 375731.349        ( Z= 4649562.676 500000.000 )
Id:     104        = 4763120.544 377696.328        ( Z= 4760599.816 500000.000 )
Id:     105        = 4874212.762 379698.763        ( Z= 4871656.646 500000.000 )
Id:     106        = 4985323.387 381738.059        ( Z= 4982733.208 500000.000 )
Id:     107        = 5096452.433 383813.605        ( Z= 5093829.519 500000.000 )
Id:     108        = 5207599.896 385924.782        ( Z= 5204945.574 500000.000 )
Id:     109        = 5318765.746 388070.957        ( Z= 5316081.342 500000.000 )
Id:     110        = 5429949.933 390251.487        ( Z= 5427236.769 500000.000 )
Id:     111        = 5541152.385 392465.718        ( Z= 5538411.777 500000.000 )
Id:     112        = 5652373.005 394712.983        ( Z= 5649606.263 500000.000 )
Id:     113        = 5763611.678 396992.606        ( Z= 5760820.102 500000.000 )
Id:     114        = 5874868.260 399303.900        ( Z= 5872053.142 500000.000 )
Id:     115        = 5986142.595 401646.168        ( Z= 5983305.212 500000.000 )
Id:     116        = 6097434.496 404018.702        ( Z= 6094576.115 500000.000 )
Id:     117        = 6208743.759 406420.783        ( Z= 6205865.629 500000.000 )
Id:     118        = 6320070.159 408851.684        ( Z= 6317173.514 500000.000 )
Id:     119        = 6431413.447 411310.669        ( Z= 6428499.504 500000.000 )
Id:     120        = 6542773.357 413796.989        ( Z= 6539843.311 500000.000 )
Id:     121        = 6654149.598 416309.890        ( Z= 6651204.625 500000.000 )
Id:     122        = 6765541.863 418848.607        ( Z= 6762583.116 500000.000 )
Id:     123        = 6876949.822 421412.365        ( Z= 6873978.431 500000.000 )
Id:     124        = 6988373.128 424000.383        ( Z= 6985390.197 500000.000 )
Id:     125        = 7099811.414 426611.870        ( Z= 7096818.021 500000.000 )
Id:     126        = 7211264.295 429246.029        ( Z= 7208261.490 500000.000 )
Id:     127        = 7322731.367 431902.052        ( Z= 7319720.171 500000.000 )
Id:     128        = 7434212.207 434579.126        ( Z= 7431193.612 500000.000 )
Id:     129        = 7545706.379 437276.431        ( Z= 7542681.344 500000.000 )
Id:     130        = 7657213.427 439993.137        ( Z= 7654182.879 500000.000 )
Id:     131        = 7768732.883 442728.411        ( Z= 7765697.714 500000.000 )
Id:     132        = 7880264.257 445481.411        ( Z= 7877225.326 500000.000 )
Id:     133        = 7991807.050 448251.289        ( Z= 7988765.179 500000.000 )
Id:     134        = 8103360.747 451037.192        ( Z= 8100316.720 500000.000 )
Id:     135        = 8214924.821 453838.261        ( Z= 8211879.384 500000.000 )
Id:     136        = 8326498.728 456653.632        ( Z= 8323452.589 500000.000 )
